2025-06-21 08:40:50,123 - mmdet - INFO - Environment info:
------------------------------------------------------------
sys.platform: linux
Python: 3.8.20 (default, Oct  3 2024, 15:24:27) [GCC 11.2.0]
CUDA available: True
GPU 0,1,2,3,4,5,6: NVIDIA GeForce RTX 3090
CUDA_HOME: /usr
NVCC: Cuda compilation tools, release 11.5, V11.5.119
GCC: gcc (Ubuntu 11.4.0-1ubuntu1~22.04) 11.4.0
PyTorch: 1.9.0
PyTorch compiling details: PyTorch built with:
  - GCC 7.3
  - C++ Version: 201402
  - Intel(R) oneAPI Math Kernel Library Version 2021.4-Product Build 20210904 for Intel(R) 64 architecture applications
  - Intel(R) MKL-DNN v2.1.2 (Git Hash 98be7e8afa711dc9b66c8ff3504129cb82013cdb)
  - OpenMP 201511 (a.k.a. OpenMP 4.5)
  - NNPACK is enabled
  - CPU capability usage: AVX2
  - CUDA Runtime 11.1
  - NVCC architecture flags: -gencode;arch=compute_37,code=sm_37;-gencode;arch=compute_50,code=sm_50;-gencode;arch=compute_60,code=sm_60;-gencode;arch=compute_61,code=sm_61;-gencode;arch=compute_70,code=sm_70;-gencode;arch=compute_75,code=sm_75;-gencode;arch=compute_80,code=sm_80;-gencode;arch=compute_86,code=sm_86;-gencode;arch=compute_37,code=compute_37
  - CuDNN 8.0.5
  - Magma 2.5.2
  - Build settings: BLAS_INFO=mkl, BUILD_TYPE=Release, CUDA_VERSION=11.1, CUDNN_VERSION=8.0.5, CXX_COMPILER=/opt/rh/devtoolset-7/root/usr/bin/c++, CXX_FLAGS= -Wno-deprecated -fvisibility-inlines-hidden -DUSE_PTHREADPOOL -fopenmp -DNDEBUG -DUSE_KINETO -DUSE_FBGEMM -DUSE_QNNPACK -DUSE_PYTORCH_QNNPACK -DUSE_XNNPACK -DSYMBOLICATE_MOBILE_DEBUG_HANDLE -O2 -fPIC -Wno-narrowing -Wall -Wextra -Werror=return-type -Wno-missing-field-initializers -Wno-type-limits -Wno-array-bounds -Wno-unknown-pragmas -Wno-sign-compare -Wno-unused-parameter -Wno-unused-variable -Wno-unused-function -Wno-unused-result -Wno-unused-local-typedefs -Wno-strict-overflow -Wno-strict-aliasing -Wno-error=deprecated-declarations -Wno-stringop-overflow -Wno-psabi -Wno-error=pedantic -Wno-error=redundant-decls -Wno-error=old-style-cast -fdiagnostics-color=always -faligned-new -Wno-unused-but-set-variable -Wno-maybe-uninitialized -fno-math-errno -fno-trapping-math -Werror=format -Wno-stringop-overflow, LAPACK_INFO=mkl, PERF_WITH_AVX=1, PERF_WITH_AVX2=1, PERF_WITH_AVX512=1, TORCH_VERSION=1.9.0, USE_CUDA=ON, USE_CUDNN=ON, USE_EXCEPTION_PTR=1, USE_GFLAGS=OFF, USE_GLOG=OFF, USE_MKL=ON, USE_MKLDNN=ON, USE_MPI=OFF, USE_NCCL=ON, USE_NNPACK=ON, USE_OPENMP=ON, 

TorchVision: 0.10.0
OpenCV: 4.11.0
MMCV: 1.6.0
MMCV Compiler: GCC 7.3
MMCV CUDA Compiler: 11.1
MMDetection: 2.25.2
MMSegmentation: 0.29.1
MMDetection3D: 1.0.0rc3+ffc9f99
spconv2.0: False
------------------------------------------------------------

2025-06-21 08:40:50,603 - mmdet - INFO - Distributed training: True
2025-06-21 08:40:51,039 - mmdet - INFO - Config:
voxel_size = 0.01
n_points = 100000
model = dict(
    type='MinkSingleStage3DDetector',
    voxel_size=0.01,
    backbone=dict(
        type='MinkResNet',
        in_channels=3,
        depth=34,
        max_channels=128,
        norm='batch'),
    neck=dict(
        type='TR3DNeck', in_channels=(64, 128, 128, 128), out_channels=128),
    head=dict(
        type='TR3DHead',
        in_channels=128,
        n_reg_outs=8,
        n_classes=10,
        voxel_size=0.01,
        assigner=dict(
            type='TR3DAssigner',
            top_pts_threshold=6,
            label2level=[1, 1, 1, 0, 0, 1, 0, 0, 1, 0]),
        bbox_loss=dict(type='RotatedIoU3DLoss', mode='diou',
                       reduction='none')),
    train_cfg=dict(),
    test_cfg=dict(nms_pre=1000, iou_thr=0.5, score_thr=0.01))
optimizer = dict(type='AdamW', lr=0.001, weight_decay=0.0001)
optimizer_config = dict(grad_clip=dict(max_norm=10, norm_type=2))
lr_config = dict(policy='step', warmup=None, step=[8, 11])
runner = dict(type='EpochBasedRunner', max_epochs=12)
custom_hooks = [dict(type='EmptyCacheHook', after_iter=True)]
checkpoint_config = dict(interval=1, max_keep_ckpts=1)
log_config = dict(interval=50, hooks=[dict(type='TextLoggerHook')])
dist_params = dict(backend='nccl')
log_level = 'INFO'
work_dir = '/home/star/user/HEYU/tr3d/work_dirs/tr3d4gpu/'
load_from = None
resume_from = None
workflow = [('train', 1)]
dataset_type = 'SUNRGBDDataset'
data_root = '/home/star/user/HEYU/DATA/sunrgbd/'
class_names = ('bed', 'table', 'sofa', 'chair', 'toilet', 'desk', 'dresser',
               'night_stand', 'bookshelf', 'bathtub')
train_pipeline = [
    dict(
        type='LoadPointsFromFile',
        coord_type='DEPTH',
        shift_height=False,
        use_color=True,
        load_dim=6,
        use_dim=[0, 1, 2, 3, 4, 5]),
    dict(type='LoadAnnotations3D'),
    dict(type='PointSample', num_points=100000),
    dict(
        type='RandomFlip3D',
        sync_2d=False,
        flip_ratio_bev_horizontal=0.5,
        flip_ratio_bev_vertical=0.0),
    dict(
        type='GlobalRotScaleTrans',
        rot_range=[-0.523599, 0.523599],
        scale_ratio_range=[0.85, 1.15],
        translation_std=[0.1, 0.1, 0.1],
        shift_height=False),
    dict(
        type='DefaultFormatBundle3D',
        class_names=('bed', 'table', 'sofa', 'chair', 'toilet', 'desk',
                     'dresser', 'night_stand', 'bookshelf', 'bathtub')),
    dict(type='Collect3D', keys=['points', 'gt_bboxes_3d', 'gt_labels_3d'])
]
test_pipeline = [
    dict(
        type='LoadPointsFromFile',
        coord_type='DEPTH',
        shift_height=False,
        use_color=True,
        load_dim=6,
        use_dim=[0, 1, 2, 3, 4, 5]),
    dict(
        type='MultiScaleFlipAug3D',
        img_scale=(1333, 800),
        pts_scale_ratio=1,
        flip=False,
        transforms=[
            dict(type='PointSample', num_points=100000),
            dict(
                type='DefaultFormatBundle3D',
                class_names=('bed', 'table', 'sofa', 'chair', 'toilet', 'desk',
                             'dresser', 'night_stand', 'bookshelf', 'bathtub'),
                with_label=False),
            dict(type='Collect3D', keys=['points'])
        ])
]
data = dict(
    samples_per_gpu=16,
    workers_per_gpu=4,
    train=dict(
        type='RepeatDataset',
        times=5,
        dataset=dict(
            type='SUNRGBDDataset',
            modality=dict(use_camera=False, use_lidar=True),
            data_root='/home/star/user/HEYU/DATA/sunrgbd/',
            ann_file=
            '/home/star/user/HEYU/DATA/sunrgbd/sunrgbd_infos_train.pkl',
            pipeline=[
                dict(
                    type='LoadPointsFromFile',
                    coord_type='DEPTH',
                    shift_height=False,
                    use_color=True,
                    load_dim=6,
                    use_dim=[0, 1, 2, 3, 4, 5]),
                dict(type='LoadAnnotations3D'),
                dict(type='PointSample', num_points=100000),
                dict(
                    type='RandomFlip3D',
                    sync_2d=False,
                    flip_ratio_bev_horizontal=0.5,
                    flip_ratio_bev_vertical=0.0),
                dict(
                    type='GlobalRotScaleTrans',
                    rot_range=[-0.523599, 0.523599],
                    scale_ratio_range=[0.85, 1.15],
                    translation_std=[0.1, 0.1, 0.1],
                    shift_height=False),
                dict(
                    type='DefaultFormatBundle3D',
                    class_names=('bed', 'table', 'sofa', 'chair', 'toilet',
                                 'desk', 'dresser', 'night_stand', 'bookshelf',
                                 'bathtub')),
                dict(
                    type='Collect3D',
                    keys=['points', 'gt_bboxes_3d', 'gt_labels_3d'])
            ],
            filter_empty_gt=False,
            classes=('bed', 'table', 'sofa', 'chair', 'toilet', 'desk',
                     'dresser', 'night_stand', 'bookshelf', 'bathtub'),
            box_type_3d='Depth')),
    val=dict(
        type='SUNRGBDDataset',
        modality=dict(use_camera=False, use_lidar=True),
        data_root='/home/star/user/HEYU/DATA/sunrgbd/',
        ann_file='/home/star/user/HEYU/DATA/sunrgbd/sunrgbd_infos_val.pkl',
        pipeline=[
            dict(
                type='LoadPointsFromFile',
                coord_type='DEPTH',
                shift_height=False,
                use_color=True,
                load_dim=6,
                use_dim=[0, 1, 2, 3, 4, 5]),
            dict(
                type='MultiScaleFlipAug3D',
                img_scale=(1333, 800),
                pts_scale_ratio=1,
                flip=False,
                transforms=[
                    dict(type='PointSample', num_points=100000),
                    dict(
                        type='DefaultFormatBundle3D',
                        class_names=('bed', 'table', 'sofa', 'chair', 'toilet',
                                     'desk', 'dresser', 'night_stand',
                                     'bookshelf', 'bathtub'),
                        with_label=False),
                    dict(type='Collect3D', keys=['points'])
                ])
        ],
        classes=('bed', 'table', 'sofa', 'chair', 'toilet', 'desk', 'dresser',
                 'night_stand', 'bookshelf', 'bathtub'),
        test_mode=True,
        box_type_3d='Depth'),
    test=dict(
        type='SUNRGBDDataset',
        modality=dict(use_camera=False, use_lidar=True),
        data_root='/home/star/user/HEYU/DATA/sunrgbd/',
        ann_file='/home/star/user/HEYU/DATA/sunrgbd/sunrgbd_infos_val.pkl',
        pipeline=[
            dict(
                type='LoadPointsFromFile',
                coord_type='DEPTH',
                shift_height=False,
                use_color=True,
                load_dim=6,
                use_dim=[0, 1, 2, 3, 4, 5]),
            dict(
                type='MultiScaleFlipAug3D',
                img_scale=(1333, 800),
                pts_scale_ratio=1,
                flip=False,
                transforms=[
                    dict(type='PointSample', num_points=100000),
                    dict(
                        type='DefaultFormatBundle3D',
                        class_names=('bed', 'table', 'sofa', 'chair', 'toilet',
                                     'desk', 'dresser', 'night_stand',
                                     'bookshelf', 'bathtub'),
                        with_label=False),
                    dict(type='Collect3D', keys=['points'])
                ])
        ],
        classes=('bed', 'table', 'sofa', 'chair', 'toilet', 'desk', 'dresser',
                 'night_stand', 'bookshelf', 'bathtub'),
        test_mode=True,
        box_type_3d='Depth'))
gpu_ids = range(0, 7)

2025-06-21 08:40:51,039 - mmdet - INFO - Set random seed to 0, deterministic: False
Name of parameter - Initialization information

backbone.conv1.kernel - torch.Size([27, 3, 64]): 
Initialized by user-defined `init_weights` in MinkResNet  

backbone.norm1.bn.weight - torch.Size([64]): 
The value is the same before and after calling `init_weights` of MinkSingleStage3DDetector  

backbone.norm1.bn.bias - torch.Size([64]): 
The value is the same before and after calling `init_weights` of MinkSingleStage3DDetector  

backbone.layer1.0.conv1.kernel - torch.Size([27, 64, 64]): 
Initialized by user-defined `init_weights` in MinkResNet  

backbone.layer1.0.norm1.bn.weight - torch.Size([64]): 
The value is the same before and after calling `init_weights` of MinkSingleStage3DDetector  

backbone.layer1.0.norm1.bn.bias - torch.Size([64]): 
The value is the same before and after calling `init_weights` of MinkSingleStage3DDetector  

backbone.layer1.0.conv2.kernel - torch.Size([27, 64, 64]): 
Initialized by user-defined `init_weights` in MinkResNet  

backbone.layer1.0.norm2.bn.weight - torch.Size([64]): 
The value is the same before and after calling `init_weights` of MinkSingleStage3DDetector  

backbone.layer1.0.norm2.bn.bias - torch.Size([64]): 
The value is the same before and after calling `init_weights` of MinkSingleStage3DDetector  

backbone.layer1.0.downsample.0.kernel - torch.Size([1, 64, 64]): 
Initialized by user-defined `init_weights` in MinkResNet  

backbone.layer1.0.downsample.1.bn.weight - torch.Size([64]): 
The value is the same before and after calling `init_weights` of MinkSingleStage3DDetector  

backbone.layer1.0.downsample.1.bn.bias - torch.Size([64]): 
The value is the same before and after calling `init_weights` of MinkSingleStage3DDetector  

backbone.layer1.1.conv1.kernel - torch.Size([27, 64, 64]): 
Initialized by user-defined `init_weights` in MinkResNet  

backbone.layer1.1.norm1.bn.weight - torch.Size([64]): 
The value is the same before and after calling `init_weights` of MinkSingleStage3DDetector  

backbone.layer1.1.norm1.bn.bias - torch.Size([64]): 
The value is the same before and after calling `init_weights` of MinkSingleStage3DDetector  

backbone.layer1.1.conv2.kernel - torch.Size([27, 64, 64]): 
Initialized by user-defined `init_weights` in MinkResNet  

backbone.layer1.1.norm2.bn.weight - torch.Size([64]): 
The value is the same before and after calling `init_weights` of MinkSingleStage3DDetector  

backbone.layer1.1.norm2.bn.bias - torch.Size([64]): 
The value is the same before and after calling `init_weights` of MinkSingleStage3DDetector  

backbone.layer1.2.conv1.kernel - torch.Size([27, 64, 64]): 
Initialized by user-defined `init_weights` in MinkResNet  

backbone.layer1.2.norm1.bn.weight - torch.Size([64]): 
The value is the same before and after calling `init_weights` of MinkSingleStage3DDetector  

backbone.layer1.2.norm1.bn.bias - torch.Size([64]): 
The value is the same before and after calling `init_weights` of MinkSingleStage3DDetector  

backbone.layer1.2.conv2.kernel - torch.Size([27, 64, 64]): 
Initialized by user-defined `init_weights` in MinkResNet  

backbone.layer1.2.norm2.bn.weight - torch.Size([64]): 
The value is the same before and after calling `init_weights` of MinkSingleStage3DDetector  

backbone.layer1.2.norm2.bn.bias - torch.Size([64]): 
The value is the same before and after calling `init_weights` of MinkSingleStage3DDetector  

backbone.layer2.0.conv1.kernel - torch.Size([27, 64, 128]): 
Initialized by user-defined `init_weights` in MinkResNet  

backbone.layer2.0.norm1.bn.weight - torch.Size([128]): 
The value is the same before and after calling `init_weights` of MinkSingleStage3DDetector  

backbone.layer2.0.norm1.bn.bias - torch.Size([128]): 
The value is the same before and after calling `init_weights` of MinkSingleStage3DDetector  

backbone.layer2.0.conv2.kernel - torch.Size([27, 128, 128]): 
Initialized by user-defined `init_weights` in MinkResNet  

backbone.layer2.0.norm2.bn.weight - torch.Size([128]): 
The value is the same before and after calling `init_weights` of MinkSingleStage3DDetector  

backbone.layer2.0.norm2.bn.bias - torch.Size([128]): 
The value is the same before and after calling `init_weights` of MinkSingleStage3DDetector  

backbone.layer2.0.downsample.0.kernel - torch.Size([1, 64, 128]): 
Initialized by user-defined `init_weights` in MinkResNet  

backbone.layer2.0.downsample.1.bn.weight - torch.Size([128]): 
The value is the same before and after calling `init_weights` of MinkSingleStage3DDetector  

backbone.layer2.0.downsample.1.bn.bias - torch.Size([128]): 
The value is the same before and after calling `init_weights` of MinkSingleStage3DDetector  

backbone.layer2.1.conv1.kernel - torch.Size([27, 128, 128]): 
Initialized by user-defined `init_weights` in MinkResNet  

backbone.layer2.1.norm1.bn.weight - torch.Size([128]): 
The value is the same before and after calling `init_weights` of MinkSingleStage3DDetector  

backbone.layer2.1.norm1.bn.bias - torch.Size([128]): 
The value is the same before and after calling `init_weights` of MinkSingleStage3DDetector  

backbone.layer2.1.conv2.kernel - torch.Size([27, 128, 128]): 
Initialized by user-defined `init_weights` in MinkResNet  

backbone.layer2.1.norm2.bn.weight - torch.Size([128]): 
The value is the same before and after calling `init_weights` of MinkSingleStage3DDetector  

backbone.layer2.1.norm2.bn.bias - torch.Size([128]): 
The value is the same before and after calling `init_weights` of MinkSingleStage3DDetector  

backbone.layer2.2.conv1.kernel - torch.Size([27, 128, 128]): 
Initialized by user-defined `init_weights` in MinkResNet  

backbone.layer2.2.norm1.bn.weight - torch.Size([128]): 
The value is the same before and after calling `init_weights` of MinkSingleStage3DDetector  

backbone.layer2.2.norm1.bn.bias - torch.Size([128]): 
The value is the same before and after calling `init_weights` of MinkSingleStage3DDetector  

backbone.layer2.2.conv2.kernel - torch.Size([27, 128, 128]): 
Initialized by user-defined `init_weights` in MinkResNet  

backbone.layer2.2.norm2.bn.weight - torch.Size([128]): 
The value is the same before and after calling `init_weights` of MinkSingleStage3DDetector  

backbone.layer2.2.norm2.bn.bias - torch.Size([128]): 
The value is the same before and after calling `init_weights` of MinkSingleStage3DDetector  

backbone.layer2.3.conv1.kernel - torch.Size([27, 128, 128]): 
Initialized by user-defined `init_weights` in MinkResNet  

backbone.layer2.3.norm1.bn.weight - torch.Size([128]): 
The value is the same before and after calling `init_weights` of MinkSingleStage3DDetector  

backbone.layer2.3.norm1.bn.bias - torch.Size([128]): 
The value is the same before and after calling `init_weights` of MinkSingleStage3DDetector  

backbone.layer2.3.conv2.kernel - torch.Size([27, 128, 128]): 
Initialized by user-defined `init_weights` in MinkResNet  

backbone.layer2.3.norm2.bn.weight - torch.Size([128]): 
The value is the same before and after calling `init_weights` of MinkSingleStage3DDetector  

backbone.layer2.3.norm2.bn.bias - torch.Size([128]): 
The value is the same before and after calling `init_weights` of MinkSingleStage3DDetector  

backbone.layer3.0.conv1.kernel - torch.Size([27, 128, 128]): 
Initialized by user-defined `init_weights` in MinkResNet  

backbone.layer3.0.norm1.bn.weight - torch.Size([128]): 
The value is the same before and after calling `init_weights` of MinkSingleStage3DDetector  

backbone.layer3.0.norm1.bn.bias - torch.Size([128]): 
The value is the same before and after calling `init_weights` of MinkSingleStage3DDetector  

backbone.layer3.0.conv2.kernel - torch.Size([27, 128, 128]): 
Initialized by user-defined `init_weights` in MinkResNet  

backbone.layer3.0.norm2.bn.weight - torch.Size([128]): 
The value is the same before and after calling `init_weights` of MinkSingleStage3DDetector  

backbone.layer3.0.norm2.bn.bias - torch.Size([128]): 
The value is the same before and after calling `init_weights` of MinkSingleStage3DDetector  

backbone.layer3.0.downsample.0.kernel - torch.Size([1, 128, 128]): 
Initialized by user-defined `init_weights` in MinkResNet  

backbone.layer3.0.downsample.1.bn.weight - torch.Size([128]): 
The value is the same before and after calling `init_weights` of MinkSingleStage3DDetector  

backbone.layer3.0.downsample.1.bn.bias - torch.Size([128]): 
The value is the same before and after calling `init_weights` of MinkSingleStage3DDetector  

backbone.layer3.1.conv1.kernel - torch.Size([27, 128, 128]): 
Initialized by user-defined `init_weights` in MinkResNet  

backbone.layer3.1.norm1.bn.weight - torch.Size([128]): 
The value is the same before and after calling `init_weights` of MinkSingleStage3DDetector  

backbone.layer3.1.norm1.bn.bias - torch.Size([128]): 
The value is the same before and after calling `init_weights` of MinkSingleStage3DDetector  

backbone.layer3.1.conv2.kernel - torch.Size([27, 128, 128]): 
Initialized by user-defined `init_weights` in MinkResNet  

backbone.layer3.1.norm2.bn.weight - torch.Size([128]): 
The value is the same before and after calling `init_weights` of MinkSingleStage3DDetector  

backbone.layer3.1.norm2.bn.bias - torch.Size([128]): 
The value is the same before and after calling `init_weights` of MinkSingleStage3DDetector  

backbone.layer3.2.conv1.kernel - torch.Size([27, 128, 128]): 
Initialized by user-defined `init_weights` in MinkResNet  

backbone.layer3.2.norm1.bn.weight - torch.Size([128]): 
The value is the same before and after calling `init_weights` of MinkSingleStage3DDetector  

backbone.layer3.2.norm1.bn.bias - torch.Size([128]): 
The value is the same before and after calling `init_weights` of MinkSingleStage3DDetector  

backbone.layer3.2.conv2.kernel - torch.Size([27, 128, 128]): 
Initialized by user-defined `init_weights` in MinkResNet  

backbone.layer3.2.norm2.bn.weight - torch.Size([128]): 
The value is the same before and after calling `init_weights` of MinkSingleStage3DDetector  

backbone.layer3.2.norm2.bn.bias - torch.Size([128]): 
The value is the same before and after calling `init_weights` of MinkSingleStage3DDetector  

backbone.layer3.3.conv1.kernel - torch.Size([27, 128, 128]): 
Initialized by user-defined `init_weights` in MinkResNet  

backbone.layer3.3.norm1.bn.weight - torch.Size([128]): 
The value is the same before and after calling `init_weights` of MinkSingleStage3DDetector  

backbone.layer3.3.norm1.bn.bias - torch.Size([128]): 
The value is the same before and after calling `init_weights` of MinkSingleStage3DDetector  

backbone.layer3.3.conv2.kernel - torch.Size([27, 128, 128]): 
Initialized by user-defined `init_weights` in MinkResNet  

backbone.layer3.3.norm2.bn.weight - torch.Size([128]): 
The value is the same before and after calling `init_weights` of MinkSingleStage3DDetector  

backbone.layer3.3.norm2.bn.bias - torch.Size([128]): 
The value is the same before and after calling `init_weights` of MinkSingleStage3DDetector  

backbone.layer3.4.conv1.kernel - torch.Size([27, 128, 128]): 
Initialized by user-defined `init_weights` in MinkResNet  

backbone.layer3.4.norm1.bn.weight - torch.Size([128]): 
The value is the same before and after calling `init_weights` of MinkSingleStage3DDetector  

backbone.layer3.4.norm1.bn.bias - torch.Size([128]): 
The value is the same before and after calling `init_weights` of MinkSingleStage3DDetector  

backbone.layer3.4.conv2.kernel - torch.Size([27, 128, 128]): 
Initialized by user-defined `init_weights` in MinkResNet  

backbone.layer3.4.norm2.bn.weight - torch.Size([128]): 
The value is the same before and after calling `init_weights` of MinkSingleStage3DDetector  

backbone.layer3.4.norm2.bn.bias - torch.Size([128]): 
The value is the same before and after calling `init_weights` of MinkSingleStage3DDetector  

backbone.layer3.5.conv1.kernel - torch.Size([27, 128, 128]): 
Initialized by user-defined `init_weights` in MinkResNet  

backbone.layer3.5.norm1.bn.weight - torch.Size([128]): 
The value is the same before and after calling `init_weights` of MinkSingleStage3DDetector  

backbone.layer3.5.norm1.bn.bias - torch.Size([128]): 
The value is the same before and after calling `init_weights` of MinkSingleStage3DDetector  

backbone.layer3.5.conv2.kernel - torch.Size([27, 128, 128]): 
Initialized by user-defined `init_weights` in MinkResNet  

backbone.layer3.5.norm2.bn.weight - torch.Size([128]): 
The value is the same before and after calling `init_weights` of MinkSingleStage3DDetector  

backbone.layer3.5.norm2.bn.bias - torch.Size([128]): 
The value is the same before and after calling `init_weights` of MinkSingleStage3DDetector  

backbone.layer4.0.conv1.kernel - torch.Size([27, 128, 128]): 
Initialized by user-defined `init_weights` in MinkResNet  

backbone.layer4.0.norm1.bn.weight - torch.Size([128]): 
The value is the same before and after calling `init_weights` of MinkSingleStage3DDetector  

backbone.layer4.0.norm1.bn.bias - torch.Size([128]): 
The value is the same before and after calling `init_weights` of MinkSingleStage3DDetector  

backbone.layer4.0.conv2.kernel - torch.Size([27, 128, 128]): 
Initialized by user-defined `init_weights` in MinkResNet  

backbone.layer4.0.norm2.bn.weight - torch.Size([128]): 
The value is the same before and after calling `init_weights` of MinkSingleStage3DDetector  

backbone.layer4.0.norm2.bn.bias - torch.Size([128]): 
The value is the same before and after calling `init_weights` of MinkSingleStage3DDetector  

backbone.layer4.0.downsample.0.kernel - torch.Size([1, 128, 128]): 
Initialized by user-defined `init_weights` in MinkResNet  

backbone.layer4.0.downsample.1.bn.weight - torch.Size([128]): 
The value is the same before and after calling `init_weights` of MinkSingleStage3DDetector  

backbone.layer4.0.downsample.1.bn.bias - torch.Size([128]): 
The value is the same before and after calling `init_weights` of MinkSingleStage3DDetector  

backbone.layer4.1.conv1.kernel - torch.Size([27, 128, 128]): 
Initialized by user-defined `init_weights` in MinkResNet  

backbone.layer4.1.norm1.bn.weight - torch.Size([128]): 
The value is the same before and after calling `init_weights` of MinkSingleStage3DDetector  

backbone.layer4.1.norm1.bn.bias - torch.Size([128]): 
The value is the same before and after calling `init_weights` of MinkSingleStage3DDetector  

backbone.layer4.1.conv2.kernel - torch.Size([27, 128, 128]): 
Initialized by user-defined `init_weights` in MinkResNet  

backbone.layer4.1.norm2.bn.weight - torch.Size([128]): 
The value is the same before and after calling `init_weights` of MinkSingleStage3DDetector  

backbone.layer4.1.norm2.bn.bias - torch.Size([128]): 
The value is the same before and after calling `init_weights` of MinkSingleStage3DDetector  

backbone.layer4.2.conv1.kernel - torch.Size([27, 128, 128]): 
Initialized by user-defined `init_weights` in MinkResNet  

backbone.layer4.2.norm1.bn.weight - torch.Size([128]): 
The value is the same before and after calling `init_weights` of MinkSingleStage3DDetector  

backbone.layer4.2.norm1.bn.bias - torch.Size([128]): 
The value is the same before and after calling `init_weights` of MinkSingleStage3DDetector  

backbone.layer4.2.conv2.kernel - torch.Size([27, 128, 128]): 
Initialized by user-defined `init_weights` in MinkResNet  

backbone.layer4.2.norm2.bn.weight - torch.Size([128]): 
The value is the same before and after calling `init_weights` of MinkSingleStage3DDetector  

backbone.layer4.2.norm2.bn.bias - torch.Size([128]): 
The value is the same before and after calling `init_weights` of MinkSingleStage3DDetector  

neck.lateral_block_0.0.kernel - torch.Size([27, 128, 128]): 
Initialized by user-defined `init_weights` in TR3DNeck  

neck.lateral_block_0.1.bn.weight - torch.Size([128]): 
The value is the same before and after calling `init_weights` of MinkSingleStage3DDetector  

neck.lateral_block_0.1.bn.bias - torch.Size([128]): 
The value is the same before and after calling `init_weights` of MinkSingleStage3DDetector  

neck.out_block_0.0.kernel - torch.Size([27, 128, 128]): 
Initialized by user-defined `init_weights` in TR3DNeck  

neck.out_block_0.1.bn.weight - torch.Size([128]): 
The value is the same before and after calling `init_weights` of MinkSingleStage3DDetector  

neck.out_block_0.1.bn.bias - torch.Size([128]): 
The value is the same before and after calling `init_weights` of MinkSingleStage3DDetector  

neck.up_block_1.0.kernel - torch.Size([27, 128, 128]): 
The value is the same before and after calling `init_weights` of MinkSingleStage3DDetector  

neck.up_block_1.1.bn.weight - torch.Size([128]): 
The value is the same before and after calling `init_weights` of MinkSingleStage3DDetector  

neck.up_block_1.1.bn.bias - torch.Size([128]): 
The value is the same before and after calling `init_weights` of MinkSingleStage3DDetector  

neck.lateral_block_1.0.kernel - torch.Size([27, 128, 128]): 
Initialized by user-defined `init_weights` in TR3DNeck  

neck.lateral_block_1.1.bn.weight - torch.Size([128]): 
The value is the same before and after calling `init_weights` of MinkSingleStage3DDetector  

neck.lateral_block_1.1.bn.bias - torch.Size([128]): 
The value is the same before and after calling `init_weights` of MinkSingleStage3DDetector  

neck.out_block_1.0.kernel - torch.Size([27, 128, 128]): 
Initialized by user-defined `init_weights` in TR3DNeck  

neck.out_block_1.1.bn.weight - torch.Size([128]): 
The value is the same before and after calling `init_weights` of MinkSingleStage3DDetector  

neck.out_block_1.1.bn.bias - torch.Size([128]): 
The value is the same before and after calling `init_weights` of MinkSingleStage3DDetector  

neck.up_block_2.0.kernel - torch.Size([27, 128, 128]): 
The value is the same before and after calling `init_weights` of MinkSingleStage3DDetector  

neck.up_block_2.1.bn.weight - torch.Size([128]): 
The value is the same before and after calling `init_weights` of MinkSingleStage3DDetector  

neck.up_block_2.1.bn.bias - torch.Size([128]): 
The value is the same before and after calling `init_weights` of MinkSingleStage3DDetector  

head.bbox_conv.kernel - torch.Size([128, 8]): 
Initialized by user-defined `init_weights` in TR3DHead  

head.bbox_conv.bias - torch.Size([1, 8]): 
The value is the same before and after calling `init_weights` of MinkSingleStage3DDetector  

head.cls_conv.kernel - torch.Size([128, 10]): 
Initialized by user-defined `init_weights` in TR3DHead  

head.cls_conv.bias - torch.Size([1, 10]): 
Initialized by user-defined `init_weights` in TR3DHead  
Name of parameter - Initialization information

backbone.conv1.kernel - torch.Size([27, 3, 64]): 
The value is the same before and after calling `init_weights` of MinkSingleStage3DDetector  

backbone.norm1.bn.weight - torch.Size([64]): 
The value is the same before and after calling `init_weights` of MinkSingleStage3DDetector  

backbone.norm1.bn.bias - torch.Size([64]): 
The value is the same before and after calling `init_weights` of MinkSingleStage3DDetector  

backbone.layer1.0.conv1.kernel - torch.Size([27, 64, 64]): 
The value is the same before and after calling `init_weights` of MinkSingleStage3DDetector  

backbone.layer1.0.norm1.bn.weight - torch.Size([64]): 
The value is the same before and after calling `init_weights` of MinkSingleStage3DDetector  

backbone.layer1.0.norm1.bn.bias - torch.Size([64]): 
The value is the same before and after calling `init_weights` of MinkSingleStage3DDetector  

backbone.layer1.0.conv2.kernel - torch.Size([27, 64, 64]): 
The value is the same before and after calling `init_weights` of MinkSingleStage3DDetector  

backbone.layer1.0.norm2.bn.weight - torch.Size([64]): 
The value is the same before and after calling `init_weights` of MinkSingleStage3DDetector  

backbone.layer1.0.norm2.bn.bias - torch.Size([64]): 
The value is the same before and after calling `init_weights` of MinkSingleStage3DDetector  

backbone.layer1.0.downsample.0.kernel - torch.Size([1, 64, 64]): 
The value is the same before and after calling `init_weights` of MinkSingleStage3DDetector  

backbone.layer1.0.downsample.1.bn.weight - torch.Size([64]): 
The value is the same before and after calling `init_weights` of MinkSingleStage3DDetector  

backbone.layer1.0.downsample.1.bn.bias - torch.Size([64]): 
The value is the same before and after calling `init_weights` of MinkSingleStage3DDetector  

backbone.layer1.1.conv1.kernel - torch.Size([27, 64, 64]): 
The value is the same before and after calling `init_weights` of MinkSingleStage3DDetector  

backbone.layer1.1.norm1.bn.weight - torch.Size([64]): 
The value is the same before and after calling `init_weights` of MinkSingleStage3DDetector  

backbone.layer1.1.norm1.bn.bias - torch.Size([64]): 
The value is the same before and after calling `init_weights` of MinkSingleStage3DDetector  

backbone.layer1.1.conv2.kernel - torch.Size([27, 64, 64]): 
The value is the same before and after calling `init_weights` of MinkSingleStage3DDetector  

backbone.layer1.1.norm2.bn.weight - torch.Size([64]): 
The value is the same before and after calling `init_weights` of MinkSingleStage3DDetector  

backbone.layer1.1.norm2.bn.bias - torch.Size([64]): 
The value is the same before and after calling `init_weights` of MinkSingleStage3DDetector  

backbone.layer1.2.conv1.kernel - torch.Size([27, 64, 64]): 
The value is the same before and after calling `init_weights` of MinkSingleStage3DDetector  

backbone.layer1.2.norm1.bn.weight - torch.Size([64]): 
The value is the same before and after calling `init_weights` of MinkSingleStage3DDetector  

backbone.layer1.2.norm1.bn.bias - torch.Size([64]): 
The value is the same before and after calling `init_weights` of MinkSingleStage3DDetector  

backbone.layer1.2.conv2.kernel - torch.Size([27, 64, 64]): 
The value is the same before and after calling `init_weights` of MinkSingleStage3DDetector  

backbone.layer1.2.norm2.bn.weight - torch.Size([64]): 
The value is the same before and after calling `init_weights` of MinkSingleStage3DDetector  

backbone.layer1.2.norm2.bn.bias - torch.Size([64]): 
The value is the same before and after calling `init_weights` of MinkSingleStage3DDetector  

backbone.layer2.0.conv1.kernel - torch.Size([27, 64, 128]): 
The value is the same before and after calling `init_weights` of MinkSingleStage3DDetector  

backbone.layer2.0.norm1.bn.weight - torch.Size([128]): 
The value is the same before and after calling `init_weights` of MinkSingleStage3DDetector  

backbone.layer2.0.norm1.bn.bias - torch.Size([128]): 
The value is the same before and after calling `init_weights` of MinkSingleStage3DDetector  

backbone.layer2.0.conv2.kernel - torch.Size([27, 128, 128]): 
The value is the same before and after calling `init_weights` of MinkSingleStage3DDetector  

backbone.layer2.0.norm2.bn.weight - torch.Size([128]): 
The value is the same before and after calling `init_weights` of MinkSingleStage3DDetector  

backbone.layer2.0.norm2.bn.bias - torch.Size([128]): 
The value is the same before and after calling `init_weights` of MinkSingleStage3DDetector  

backbone.layer2.0.downsample.0.kernel - torch.Size([1, 64, 128]): 
The value is the same before and after calling `init_weights` of MinkSingleStage3DDetector  

backbone.layer2.0.downsample.1.bn.weight - torch.Size([128]): 
The value is the same before and after calling `init_weights` of MinkSingleStage3DDetector  

backbone.layer2.0.downsample.1.bn.bias - torch.Size([128]): 
The value is the same before and after calling `init_weights` of MinkSingleStage3DDetector  

backbone.layer2.1.conv1.kernel - torch.Size([27, 128, 128]): 
The value is the same before and after calling `init_weights` of MinkSingleStage3DDetector  

backbone.layer2.1.norm1.bn.weight - torch.Size([128]): 
The value is the same before and after calling `init_weights` of MinkSingleStage3DDetector  

backbone.layer2.1.norm1.bn.bias - torch.Size([128]): 
The value is the same before and after calling `init_weights` of MinkSingleStage3DDetector  

backbone.layer2.1.conv2.kernel - torch.Size([27, 128, 128]): 
The value is the same before and after calling `init_weights` of MinkSingleStage3DDetector  

backbone.layer2.1.norm2.bn.weight - torch.Size([128]): 
The value is the same before and after calling `init_weights` of MinkSingleStage3DDetector  

backbone.layer2.1.norm2.bn.bias - torch.Size([128]): 
The value is the same before and after calling `init_weights` of MinkSingleStage3DDetector  

backbone.layer2.2.conv1.kernel - torch.Size([27, 128, 128]): 
The value is the same before and after calling `init_weights` of MinkSingleStage3DDetector  

backbone.layer2.2.norm1.bn.weight - torch.Size([128]): 
The value is the same before and after calling `init_weights` of MinkSingleStage3DDetector  

backbone.layer2.2.norm1.bn.bias - torch.Size([128]): 
The value is the same before and after calling `init_weights` of MinkSingleStage3DDetector  

backbone.layer2.2.conv2.kernel - torch.Size([27, 128, 128]): 
The value is the same before and after calling `init_weights` of MinkSingleStage3DDetector  

backbone.layer2.2.norm2.bn.weight - torch.Size([128]): 
The value is the same before and after calling `init_weights` of MinkSingleStage3DDetector  

backbone.layer2.2.norm2.bn.bias - torch.Size([128]): 
The value is the same before and after calling `init_weights` of MinkSingleStage3DDetector  

backbone.layer2.3.conv1.kernel - torch.Size([27, 128, 128]): 
The value is the same before and after calling `init_weights` of MinkSingleStage3DDetector  

backbone.layer2.3.norm1.bn.weight - torch.Size([128]): 
The value is the same before and after calling `init_weights` of MinkSingleStage3DDetector  

backbone.layer2.3.norm1.bn.bias - torch.Size([128]): 
The value is the same before and after calling `init_weights` of MinkSingleStage3DDetector  

backbone.layer2.3.conv2.kernel - torch.Size([27, 128, 128]): 
The value is the same before and after calling `init_weights` of MinkSingleStage3DDetector  

backbone.layer2.3.norm2.bn.weight - torch.Size([128]): 
The value is the same before and after calling `init_weights` of MinkSingleStage3DDetector  

backbone.layer2.3.norm2.bn.bias - torch.Size([128]): 
The value is the same before and after calling `init_weights` of MinkSingleStage3DDetector  

backbone.layer3.0.conv1.kernel - torch.Size([27, 128, 128]): 
The value is the same before and after calling `init_weights` of MinkSingleStage3DDetector  

backbone.layer3.0.norm1.bn.weight - torch.Size([128]): 
The value is the same before and after calling `init_weights` of MinkSingleStage3DDetector  

backbone.layer3.0.norm1.bn.bias - torch.Size([128]): 
The value is the same before and after calling `init_weights` of MinkSingleStage3DDetector  

backbone.layer3.0.conv2.kernel - torch.Size([27, 128, 128]): 
The value is the same before and after calling `init_weights` of MinkSingleStage3DDetector  

backbone.layer3.0.norm2.bn.weight - torch.Size([128]): 
The value is the same before and after calling `init_weights` of MinkSingleStage3DDetector  

backbone.layer3.0.norm2.bn.bias - torch.Size([128]): 
The value is the same before and after calling `init_weights` of MinkSingleStage3DDetector  

backbone.layer3.0.downsample.0.kernel - torch.Size([1, 128, 128]): 
The value is the same before and after calling `init_weights` of MinkSingleStage3DDetector  

backbone.layer3.0.downsample.1.bn.weight - torch.Size([128]): 
The value is the same before and after calling `init_weights` of MinkSingleStage3DDetector  

backbone.layer3.0.downsample.1.bn.bias - torch.Size([128]): 
The value is the same before and after calling `init_weights` of MinkSingleStage3DDetector  

backbone.layer3.1.conv1.kernel - torch.Size([27, 128, 128]): 
The value is the same before and after calling `init_weights` of MinkSingleStage3DDetector  

backbone.layer3.1.norm1.bn.weight - torch.Size([128]): 
The value is the same before and after calling `init_weights` of MinkSingleStage3DDetector  

backbone.layer3.1.norm1.bn.bias - torch.Size([128]): 
The value is the same before and after calling `init_weights` of MinkSingleStage3DDetector  

backbone.layer3.1.conv2.kernel - torch.Size([27, 128, 128]): 
The value is the same before and after calling `init_weights` of MinkSingleStage3DDetector  

backbone.layer3.1.norm2.bn.weight - torch.Size([128]): 
The value is the same before and after calling `init_weights` of MinkSingleStage3DDetector  

backbone.layer3.1.norm2.bn.bias - torch.Size([128]): 
The value is the same before and after calling `init_weights` of MinkSingleStage3DDetector  

backbone.layer3.2.conv1.kernel - torch.Size([27, 128, 128]): 
The value is the same before and after calling `init_weights` of MinkSingleStage3DDetector  

backbone.layer3.2.norm1.bn.weight - torch.Size([128]): 
The value is the same before and after calling `init_weights` of MinkSingleStage3DDetector  

backbone.layer3.2.norm1.bn.bias - torch.Size([128]): 
The value is the same before and after calling `init_weights` of MinkSingleStage3DDetector  

backbone.layer3.2.conv2.kernel - torch.Size([27, 128, 128]): 
The value is the same before and after calling `init_weights` of MinkSingleStage3DDetector  

backbone.layer3.2.norm2.bn.weight - torch.Size([128]): 
The value is the same before and after calling `init_weights` of MinkSingleStage3DDetector  

backbone.layer3.2.norm2.bn.bias - torch.Size([128]): 
The value is the same before and after calling `init_weights` of MinkSingleStage3DDetector  

backbone.layer3.3.conv1.kernel - torch.Size([27, 128, 128]): 
The value is the same before and after calling `init_weights` of MinkSingleStage3DDetector  

backbone.layer3.3.norm1.bn.weight - torch.Size([128]): 
The value is the same before and after calling `init_weights` of MinkSingleStage3DDetector  

backbone.layer3.3.norm1.bn.bias - torch.Size([128]): 
The value is the same before and after calling `init_weights` of MinkSingleStage3DDetector  

backbone.layer3.3.conv2.kernel - torch.Size([27, 128, 128]): 
The value is the same before and after calling `init_weights` of MinkSingleStage3DDetector  

backbone.layer3.3.norm2.bn.weight - torch.Size([128]): 
The value is the same before and after calling `init_weights` of MinkSingleStage3DDetector  

backbone.layer3.3.norm2.bn.bias - torch.Size([128]): 
The value is the same before and after calling `init_weights` of MinkSingleStage3DDetector  

backbone.layer3.4.conv1.kernel - torch.Size([27, 128, 128]): 
The value is the same before and after calling `init_weights` of MinkSingleStage3DDetector  

backbone.layer3.4.norm1.bn.weight - torch.Size([128]): 
The value is the same before and after calling `init_weights` of MinkSingleStage3DDetector  

backbone.layer3.4.norm1.bn.bias - torch.Size([128]): 
The value is the same before and after calling `init_weights` of MinkSingleStage3DDetector  

backbone.layer3.4.conv2.kernel - torch.Size([27, 128, 128]): 
The value is the same before and after calling `init_weights` of MinkSingleStage3DDetector  

backbone.layer3.4.norm2.bn.weight - torch.Size([128]): 
The value is the same before and after calling `init_weights` of MinkSingleStage3DDetector  

backbone.layer3.4.norm2.bn.bias - torch.Size([128]): 
The value is the same before and after calling `init_weights` of MinkSingleStage3DDetector  

backbone.layer3.5.conv1.kernel - torch.Size([27, 128, 128]): 
The value is the same before and after calling `init_weights` of MinkSingleStage3DDetector  

backbone.layer3.5.norm1.bn.weight - torch.Size([128]): 
The value is the same before and after calling `init_weights` of MinkSingleStage3DDetector  

backbone.layer3.5.norm1.bn.bias - torch.Size([128]): 
The value is the same before and after calling `init_weights` of MinkSingleStage3DDetector  

backbone.layer3.5.conv2.kernel - torch.Size([27, 128, 128]): 
The value is the same before and after calling `init_weights` of MinkSingleStage3DDetector  

backbone.layer3.5.norm2.bn.weight - torch.Size([128]): 
The value is the same before and after calling `init_weights` of MinkSingleStage3DDetector  

backbone.layer3.5.norm2.bn.bias - torch.Size([128]): 
The value is the same before and after calling `init_weights` of MinkSingleStage3DDetector  

backbone.layer4.0.conv1.kernel - torch.Size([27, 128, 128]): 
The value is the same before and after calling `init_weights` of MinkSingleStage3DDetector  

backbone.layer4.0.norm1.bn.weight - torch.Size([128]): 
The value is the same before and after calling `init_weights` of MinkSingleStage3DDetector  

backbone.layer4.0.norm1.bn.bias - torch.Size([128]): 
The value is the same before and after calling `init_weights` of MinkSingleStage3DDetector  

backbone.layer4.0.conv2.kernel - torch.Size([27, 128, 128]): 
The value is the same before and after calling `init_weights` of MinkSingleStage3DDetector  

backbone.layer4.0.norm2.bn.weight - torch.Size([128]): 
The value is the same before and after calling `init_weights` of MinkSingleStage3DDetector  

backbone.layer4.0.norm2.bn.bias - torch.Size([128]): 
The value is the same before and after calling `init_weights` of MinkSingleStage3DDetector  

backbone.layer4.0.downsample.0.kernel - torch.Size([1, 128, 128]): 
The value is the same before and after calling `init_weights` of MinkSingleStage3DDetector  

backbone.layer4.0.downsample.1.bn.weight - torch.Size([128]): 
The value is the same before and after calling `init_weights` of MinkSingleStage3DDetector  

backbone.layer4.0.downsample.1.bn.bias - torch.Size([128]): 
The value is the same before and after calling `init_weights` of MinkSingleStage3DDetector  

backbone.layer4.1.conv1.kernel - torch.Size([27, 128, 128]): 
The value is the same before and after calling `init_weights` of MinkSingleStage3DDetector  

backbone.layer4.1.norm1.bn.weight - torch.Size([128]): 
The value is the same before and after calling `init_weights` of MinkSingleStage3DDetector  

backbone.layer4.1.norm1.bn.bias - torch.Size([128]): 
The value is the same before and after calling `init_weights` of MinkSingleStage3DDetector  

backbone.layer4.1.conv2.kernel - torch.Size([27, 128, 128]): 
The value is the same before and after calling `init_weights` of MinkSingleStage3DDetector  

backbone.layer4.1.norm2.bn.weight - torch.Size([128]): 
The value is the same before and after calling `init_weights` of MinkSingleStage3DDetector  

backbone.layer4.1.norm2.bn.bias - torch.Size([128]): 
The value is the same before and after calling `init_weights` of MinkSingleStage3DDetector  

backbone.layer4.2.conv1.kernel - torch.Size([27, 128, 128]): 
The value is the same before and after calling `init_weights` of MinkSingleStage3DDetector  

backbone.layer4.2.norm1.bn.weight - torch.Size([128]): 
The value is the same before and after calling `init_weights` of MinkSingleStage3DDetector  

backbone.layer4.2.norm1.bn.bias - torch.Size([128]): 
The value is the same before and after calling `init_weights` of MinkSingleStage3DDetector  

backbone.layer4.2.conv2.kernel - torch.Size([27, 128, 128]): 
The value is the same before and after calling `init_weights` of MinkSingleStage3DDetector  

backbone.layer4.2.norm2.bn.weight - torch.Size([128]): 
The value is the same before and after calling `init_weights` of MinkSingleStage3DDetector  

backbone.layer4.2.norm2.bn.bias - torch.Size([128]): 
The value is the same before and after calling `init_weights` of MinkSingleStage3DDetector  

neck.lateral_block_0.0.kernel - torch.Size([27, 128, 128]): 
The value is the same before and after calling `init_weights` of MinkSingleStage3DDetector  

neck.lateral_block_0.1.bn.weight - torch.Size([128]): 
The value is the same before and after calling `init_weights` of MinkSingleStage3DDetector  

neck.lateral_block_0.1.bn.bias - torch.Size([128]): 
The value is the same before and after calling `init_weights` of MinkSingleStage3DDetector  

neck.out_block_0.0.kernel - torch.Size([27, 128, 128]): 
The value is the same before and after calling `init_weights` of MinkSingleStage3DDetector  

neck.out_block_0.1.bn.weight - torch.Size([128]): 
The value is the same before and after calling `init_weights` of MinkSingleStage3DDetector  

neck.out_block_0.1.bn.bias - torch.Size([128]): 
The value is the same before and after calling `init_weights` of MinkSingleStage3DDetector  

neck.up_block_1.0.kernel - torch.Size([27, 128, 128]): 
The value is the same before and after calling `init_weights` of MinkSingleStage3DDetector  

neck.up_block_1.1.bn.weight - torch.Size([128]): 
The value is the same before and after calling `init_weights` of MinkSingleStage3DDetector  

neck.up_block_1.1.bn.bias - torch.Size([128]): 
The value is the same before and after calling `init_weights` of MinkSingleStage3DDetector  

neck.lateral_block_1.0.kernel - torch.Size([27, 128, 128]): 
The value is the same before and after calling `init_weights` of MinkSingleStage3DDetector  

neck.lateral_block_1.1.bn.weight - torch.Size([128]): 
The value is the same before and after calling `init_weights` of MinkSingleStage3DDetector  

neck.lateral_block_1.1.bn.bias - torch.Size([128]): 
The value is the same before and after calling `init_weights` of MinkSingleStage3DDetector  

neck.out_block_1.0.kernel - torch.Size([27, 128, 128]): 
The value is the same before and after calling `init_weights` of MinkSingleStage3DDetector  

neck.out_block_1.1.bn.weight - torch.Size([128]): 
The value is the same before and after calling `init_weights` of MinkSingleStage3DDetector  

neck.out_block_1.1.bn.bias - torch.Size([128]): 
The value is the same before and after calling `init_weights` of MinkSingleStage3DDetector  

neck.up_block_2.0.kernel - torch.Size([27, 128, 128]): 
The value is the same before and after calling `init_weights` of MinkSingleStage3DDetector  

neck.up_block_2.1.bn.weight - torch.Size([128]): 
The value is the same before and after calling `init_weights` of MinkSingleStage3DDetector  

neck.up_block_2.1.bn.bias - torch.Size([128]): 
The value is the same before and after calling `init_weights` of MinkSingleStage3DDetector  

head.bbox_conv.kernel - torch.Size([128, 8]): 
The value is the same before and after calling `init_weights` of MinkSingleStage3DDetector  

head.bbox_conv.bias - torch.Size([1, 8]): 
The value is the same before and after calling `init_weights` of MinkSingleStage3DDetector  

head.cls_conv.kernel - torch.Size([128, 10]): 
The value is the same before and after calling `init_weights` of MinkSingleStage3DDetector  

head.cls_conv.bias - torch.Size([1, 10]): 
The value is the same before and after calling `init_weights` of MinkSingleStage3DDetector  
2025-06-21 08:40:51,235 - mmdet - INFO - Model:
MinkSingleStage3DDetector(
  (backbone): MinkResNet(
    (conv1): MinkowskiConvolution(in=3, out=64, kernel_size=[3, 3, 3], stride=[2, 2, 2], dilation=[1, 1, 1])
    (norm1): MinkowskiBatchNorm(64, eps=1e-05, momentum=0.1, affine=True, track_running_stats=True)
    (relu): MinkowskiReLU()
    (maxpool): MinkowskiMaxPooling(kernel_size=[2, 2, 2], stride=[2, 2, 2], dilation=[1, 1, 1])
    (layer1): Sequential(
      (0): BasicBlock(
        (conv1): MinkowskiConvolution(in=64, out=64, kernel_size=[3, 3, 3], stride=[2, 2, 2], dilation=[1, 1, 1])
        (norm1): MinkowskiBatchNorm(64, eps=1e-05, momentum=0.1, affine=True, track_running_stats=True)
        (conv2): MinkowskiConvolution(in=64, out=64, kernel_size=[3, 3, 3], stride=[1, 1, 1], dilation=[1, 1, 1])
        (norm2): MinkowskiBatchNorm(64, eps=1e-05, momentum=0.1, affine=True, track_running_stats=True)
        (relu): MinkowskiReLU()
        (downsample): Sequential(
          (0): MinkowskiConvolution(in=64, out=64, kernel_size=[1, 1, 1], stride=[2, 2, 2], dilation=[1, 1, 1])
          (1): MinkowskiBatchNorm(64, eps=1e-05, momentum=0.1, affine=True, track_running_stats=True)
        )
      )
      (1): BasicBlock(
        (conv1): MinkowskiConvolution(in=64, out=64, kernel_size=[3, 3, 3], stride=[1, 1, 1], dilation=[1, 1, 1])
        (norm1): MinkowskiBatchNorm(64, eps=1e-05, momentum=0.1, affine=True, track_running_stats=True)
        (conv2): MinkowskiConvolution(in=64, out=64, kernel_size=[3, 3, 3], stride=[1, 1, 1], dilation=[1, 1, 1])
        (norm2): MinkowskiBatchNorm(64, eps=1e-05, momentum=0.1, affine=True, track_running_stats=True)
        (relu): MinkowskiReLU()
      )
      (2): BasicBlock(
        (conv1): MinkowskiConvolution(in=64, out=64, kernel_size=[3, 3, 3], stride=[1, 1, 1], dilation=[1, 1, 1])
        (norm1): MinkowskiBatchNorm(64, eps=1e-05, momentum=0.1, affine=True, track_running_stats=True)
        (conv2): MinkowskiConvolution(in=64, out=64, kernel_size=[3, 3, 3], stride=[1, 1, 1], dilation=[1, 1, 1])
        (norm2): MinkowskiBatchNorm(64, eps=1e-05, momentum=0.1, affine=True, track_running_stats=True)
        (relu): MinkowskiReLU()
      )
    )
    (layer2): Sequential(
      (0): BasicBlock(
        (conv1): MinkowskiConvolution(in=64, out=128, kernel_size=[3, 3, 3], stride=[2, 2, 2], dilation=[1, 1, 1])
        (norm1): MinkowskiBatchNorm(128, eps=1e-05, momentum=0.1, affine=True, track_running_stats=True)
        (conv2): MinkowskiConvolution(in=128, out=128, kernel_size=[3, 3, 3], stride=[1, 1, 1], dilation=[1, 1, 1])
        (norm2): MinkowskiBatchNorm(128, eps=1e-05, momentum=0.1, affine=True, track_running_stats=True)
        (relu): MinkowskiReLU()
        (downsample): Sequential(
          (0): MinkowskiConvolution(in=64, out=128, kernel_size=[1, 1, 1], stride=[2, 2, 2], dilation=[1, 1, 1])
          (1): MinkowskiBatchNorm(128, eps=1e-05, momentum=0.1, affine=True, track_running_stats=True)
        )
      )
      (1): BasicBlock(
        (conv1): MinkowskiConvolution(in=128, out=128, kernel_size=[3, 3, 3], stride=[1, 1, 1], dilation=[1, 1, 1])
        (norm1): MinkowskiBatchNorm(128, eps=1e-05, momentum=0.1, affine=True, track_running_stats=True)
        (conv2): MinkowskiConvolution(in=128, out=128, kernel_size=[3, 3, 3], stride=[1, 1, 1], dilation=[1, 1, 1])
        (norm2): MinkowskiBatchNorm(128, eps=1e-05, momentum=0.1, affine=True, track_running_stats=True)
        (relu): MinkowskiReLU()
      )
      (2): BasicBlock(
        (conv1): MinkowskiConvolution(in=128, out=128, kernel_size=[3, 3, 3], stride=[1, 1, 1], dilation=[1, 1, 1])
        (norm1): MinkowskiBatchNorm(128, eps=1e-05, momentum=0.1, affine=True, track_running_stats=True)
        (conv2): MinkowskiConvolution(in=128, out=128, kernel_size=[3, 3, 3], stride=[1, 1, 1], dilation=[1, 1, 1])
        (norm2): MinkowskiBatchNorm(128, eps=1e-05, momentum=0.1, affine=True, track_running_stats=True)
        (relu): MinkowskiReLU()
      )
      (3): BasicBlock(
        (conv1): MinkowskiConvolution(in=128, out=128, kernel_size=[3, 3, 3], stride=[1, 1, 1], dilation=[1, 1, 1])
        (norm1): MinkowskiBatchNorm(128, eps=1e-05, momentum=0.1, affine=True, track_running_stats=True)
        (conv2): MinkowskiConvolution(in=128, out=128, kernel_size=[3, 3, 3], stride=[1, 1, 1], dilation=[1, 1, 1])
        (norm2): MinkowskiBatchNorm(128, eps=1e-05, momentum=0.1, affine=True, track_running_stats=True)
        (relu): MinkowskiReLU()
      )
    )
    (layer3): Sequential(
      (0): BasicBlock(
        (conv1): MinkowskiConvolution(in=128, out=128, kernel_size=[3, 3, 3], stride=[2, 2, 2], dilation=[1, 1, 1])
        (norm1): MinkowskiBatchNorm(128, eps=1e-05, momentum=0.1, affine=True, track_running_stats=True)
        (conv2): MinkowskiConvolution(in=128, out=128, kernel_size=[3, 3, 3], stride=[1, 1, 1], dilation=[1, 1, 1])
        (norm2): MinkowskiBatchNorm(128, eps=1e-05, momentum=0.1, affine=True, track_running_stats=True)
        (relu): MinkowskiReLU()
        (downsample): Sequential(
          (0): MinkowskiConvolution(in=128, out=128, kernel_size=[1, 1, 1], stride=[2, 2, 2], dilation=[1, 1, 1])
          (1): MinkowskiBatchNorm(128, eps=1e-05, momentum=0.1, affine=True, track_running_stats=True)
        )
      )
      (1): BasicBlock(
        (conv1): MinkowskiConvolution(in=128, out=128, kernel_size=[3, 3, 3], stride=[1, 1, 1], dilation=[1, 1, 1])
        (norm1): MinkowskiBatchNorm(128, eps=1e-05, momentum=0.1, affine=True, track_running_stats=True)
        (conv2): MinkowskiConvolution(in=128, out=128, kernel_size=[3, 3, 3], stride=[1, 1, 1], dilation=[1, 1, 1])
        (norm2): MinkowskiBatchNorm(128, eps=1e-05, momentum=0.1, affine=True, track_running_stats=True)
        (relu): MinkowskiReLU()
      )
      (2): BasicBlock(
        (conv1): MinkowskiConvolution(in=128, out=128, kernel_size=[3, 3, 3], stride=[1, 1, 1], dilation=[1, 1, 1])
        (norm1): MinkowskiBatchNorm(128, eps=1e-05, momentum=0.1, affine=True, track_running_stats=True)
        (conv2): MinkowskiConvolution(in=128, out=128, kernel_size=[3, 3, 3], stride=[1, 1, 1], dilation=[1, 1, 1])
        (norm2): MinkowskiBatchNorm(128, eps=1e-05, momentum=0.1, affine=True, track_running_stats=True)
        (relu): MinkowskiReLU()
      )
      (3): BasicBlock(
        (conv1): MinkowskiConvolution(in=128, out=128, kernel_size=[3, 3, 3], stride=[1, 1, 1], dilation=[1, 1, 1])
        (norm1): MinkowskiBatchNorm(128, eps=1e-05, momentum=0.1, affine=True, track_running_stats=True)
        (conv2): MinkowskiConvolution(in=128, out=128, kernel_size=[3, 3, 3], stride=[1, 1, 1], dilation=[1, 1, 1])
        (norm2): MinkowskiBatchNorm(128, eps=1e-05, momentum=0.1, affine=True, track_running_stats=True)
        (relu): MinkowskiReLU()
      )
      (4): BasicBlock(
        (conv1): MinkowskiConvolution(in=128, out=128, kernel_size=[3, 3, 3], stride=[1, 1, 1], dilation=[1, 1, 1])
        (norm1): MinkowskiBatchNorm(128, eps=1e-05, momentum=0.1, affine=True, track_running_stats=True)
        (conv2): MinkowskiConvolution(in=128, out=128, kernel_size=[3, 3, 3], stride=[1, 1, 1], dilation=[1, 1, 1])
        (norm2): MinkowskiBatchNorm(128, eps=1e-05, momentum=0.1, affine=True, track_running_stats=True)
        (relu): MinkowskiReLU()
      )
      (5): BasicBlock(
        (conv1): MinkowskiConvolution(in=128, out=128, kernel_size=[3, 3, 3], stride=[1, 1, 1], dilation=[1, 1, 1])
        (norm1): MinkowskiBatchNorm(128, eps=1e-05, momentum=0.1, affine=True, track_running_stats=True)
        (conv2): MinkowskiConvolution(in=128, out=128, kernel_size=[3, 3, 3], stride=[1, 1, 1], dilation=[1, 1, 1])
        (norm2): MinkowskiBatchNorm(128, eps=1e-05, momentum=0.1, affine=True, track_running_stats=True)
        (relu): MinkowskiReLU()
      )
    )
    (layer4): Sequential(
      (0): BasicBlock(
        (conv1): MinkowskiConvolution(in=128, out=128, kernel_size=[3, 3, 3], stride=[2, 2, 2], dilation=[1, 1, 1])
        (norm1): MinkowskiBatchNorm(128, eps=1e-05, momentum=0.1, affine=True, track_running_stats=True)
        (conv2): MinkowskiConvolution(in=128, out=128, kernel_size=[3, 3, 3], stride=[1, 1, 1], dilation=[1, 1, 1])
        (norm2): MinkowskiBatchNorm(128, eps=1e-05, momentum=0.1, affine=True, track_running_stats=True)
        (relu): MinkowskiReLU()
        (downsample): Sequential(
          (0): MinkowskiConvolution(in=128, out=128, kernel_size=[1, 1, 1], stride=[2, 2, 2], dilation=[1, 1, 1])
          (1): MinkowskiBatchNorm(128, eps=1e-05, momentum=0.1, affine=True, track_running_stats=True)
        )
      )
      (1): BasicBlock(
        (conv1): MinkowskiConvolution(in=128, out=128, kernel_size=[3, 3, 3], stride=[1, 1, 1], dilation=[1, 1, 1])
        (norm1): MinkowskiBatchNorm(128, eps=1e-05, momentum=0.1, affine=True, track_running_stats=True)
        (conv2): MinkowskiConvolution(in=128, out=128, kernel_size=[3, 3, 3], stride=[1, 1, 1], dilation=[1, 1, 1])
        (norm2): MinkowskiBatchNorm(128, eps=1e-05, momentum=0.1, affine=True, track_running_stats=True)
        (relu): MinkowskiReLU()
      )
      (2): BasicBlock(
        (conv1): MinkowskiConvolution(in=128, out=128, kernel_size=[3, 3, 3], stride=[1, 1, 1], dilation=[1, 1, 1])
        (norm1): MinkowskiBatchNorm(128, eps=1e-05, momentum=0.1, affine=True, track_running_stats=True)
        (conv2): MinkowskiConvolution(in=128, out=128, kernel_size=[3, 3, 3], stride=[1, 1, 1], dilation=[1, 1, 1])
        (norm2): MinkowskiBatchNorm(128, eps=1e-05, momentum=0.1, affine=True, track_running_stats=True)
        (relu): MinkowskiReLU()
      )
    )
  )
  (neck): TR3DNeck(
    (lateral_block_0): Sequential(
      (0): MinkowskiConvolution(in=128, out=128, kernel_size=[3, 3, 3], stride=[1, 1, 1], dilation=[1, 1, 1])
      (1): MinkowskiBatchNorm(128, eps=1e-05, momentum=0.1, affine=True, track_running_stats=True)
      (2): MinkowskiReLU()
    )
    (out_block_0): Sequential(
      (0): MinkowskiConvolution(in=128, out=128, kernel_size=[3, 3, 3], stride=[1, 1, 1], dilation=[1, 1, 1])
      (1): MinkowskiBatchNorm(128, eps=1e-05, momentum=0.1, affine=True, track_running_stats=True)
      (2): MinkowskiReLU()
    )
    (up_block_1): Sequential(
      (0): MinkowskiGenerativeConvolutionTranspose(in=128, out=128, kernel_size=[3, 3, 3], stride=[2, 2, 2], dilation=[1, 1, 1])
      (1): MinkowskiBatchNorm(128, eps=1e-05, momentum=0.1, affine=True, track_running_stats=True)
      (2): MinkowskiReLU()
    )
    (lateral_block_1): Sequential(
      (0): MinkowskiConvolution(in=128, out=128, kernel_size=[3, 3, 3], stride=[1, 1, 1], dilation=[1, 1, 1])
      (1): MinkowskiBatchNorm(128, eps=1e-05, momentum=0.1, affine=True, track_running_stats=True)
      (2): MinkowskiReLU()
    )
    (out_block_1): Sequential(
      (0): MinkowskiConvolution(in=128, out=128, kernel_size=[3, 3, 3], stride=[1, 1, 1], dilation=[1, 1, 1])
      (1): MinkowskiBatchNorm(128, eps=1e-05, momentum=0.1, affine=True, track_running_stats=True)
      (2): MinkowskiReLU()
    )
    (up_block_2): Sequential(
      (0): MinkowskiGenerativeConvolutionTranspose(in=128, out=128, kernel_size=[3, 3, 3], stride=[2, 2, 2], dilation=[1, 1, 1])
      (1): MinkowskiBatchNorm(128, eps=1e-05, momentum=0.1, affine=True, track_running_stats=True)
      (2): MinkowskiReLU()
    )
  )
  (head): TR3DHead(
    (bbox_loss): RotatedIoU3DLoss()
    (cls_loss): FocalLoss()
    (bbox_conv): MinkowskiConvolution(in=128, out=8, kernel_size=[1, 1, 1], stride=[1, 1, 1], dilation=[1, 1, 1])
    (cls_conv): MinkowskiConvolution(in=128, out=10, kernel_size=[1, 1, 1], stride=[1, 1, 1], dilation=[1, 1, 1])
  )
)
2025-06-21 08:40:55,993 - mmdet - INFO - Start running, host: star@star, work_dir: /home/star/user/HEYU/tr3d/work_dirs/tr3d4gpu
2025-06-21 08:40:55,994 - mmdet - INFO - Hooks will be executed in the following order:
before_run:
(VERY_HIGH   ) StepLrUpdaterHook                  
(NORMAL      ) CheckpointHook                     
(LOW         ) DistEvalHook                       
(VERY_LOW    ) TextLoggerHook                     
 -------------------- 
before_train_epoch:
(VERY_HIGH   ) StepLrUpdaterHook                  
(NORMAL      ) EmptyCacheHook                     
(NORMAL      ) DistSamplerSeedHook                
(LOW         ) IterTimerHook                      
(LOW         ) DistEvalHook                       
(VERY_LOW    ) TextLoggerHook                     
 -------------------- 
before_train_iter:
(VERY_HIGH   ) StepLrUpdaterHook                  
(LOW         ) IterTimerHook                      
(LOW         ) DistEvalHook                       
 -------------------- 
after_train_iter:
(ABOVE_NORMAL) OptimizerHook                      
(NORMAL      ) CheckpointHook                     
(NORMAL      ) EmptyCacheHook                     
(LOW         ) IterTimerHook                      
(LOW         ) DistEvalHook                       
(VERY_LOW    ) TextLoggerHook                     
 -------------------- 
after_train_epoch:
(NORMAL      ) CheckpointHook                     
(NORMAL      ) EmptyCacheHook                     
(LOW         ) DistEvalHook                       
(VERY_LOW    ) TextLoggerHook                     
 -------------------- 
before_val_epoch:
(NORMAL      ) EmptyCacheHook                     
(NORMAL      ) DistSamplerSeedHook                
(LOW         ) IterTimerHook                      
(VERY_LOW    ) TextLoggerHook                     
 -------------------- 
before_val_iter:
(LOW         ) IterTimerHook                      
 -------------------- 
after_val_iter:
(NORMAL      ) EmptyCacheHook                     
(LOW         ) IterTimerHook                      
 -------------------- 
after_val_epoch:
(NORMAL      ) EmptyCacheHook                     
(VERY_LOW    ) TextLoggerHook                     
 -------------------- 
after_run:
(VERY_LOW    ) TextLoggerHook                     
 -------------------- 
2025-06-21 08:40:55,994 - mmdet - INFO - workflow: [('train', 1)], max: 12 epochs
2025-06-21 08:40:55,995 - mmdet - INFO - Checkpoints will be saved to /home/star/user/HEYU/tr3d/work_dirs/tr3d4gpu by HardDiskBackend.
2025-06-21 08:41:30,127 - mmdet - INFO - Epoch [1][50/236]	lr: 1.000e-03, eta: 0:31:38, time: 0.683, data_time: 0.089, memory: 3213, bbox_loss: 0.6048, cls_loss: 0.6378, loss: 1.2426, grad_norm: 5.0589
2025-06-21 08:41:59,710 - mmdet - INFO - Epoch [1][100/236]	lr: 1.000e-03, eta: 0:29:00, time: 0.592, data_time: 0.031, memory: 3213, bbox_loss: 0.5349, cls_loss: 0.4319, loss: 0.9668, grad_norm: 6.5926
2025-06-21 08:42:29,596 - mmdet - INFO - Epoch [1][150/236]	lr: 1.000e-03, eta: 0:27:53, time: 0.598, data_time: 0.032, memory: 3237, bbox_loss: 0.5175, cls_loss: 0.3984, loss: 0.9159, grad_norm: 6.7251
2025-06-21 08:42:59,231 - mmdet - INFO - Epoch [1][200/236]	lr: 1.000e-03, eta: 0:27:01, time: 0.593, data_time: 0.032, memory: 3237, bbox_loss: 0.4997, cls_loss: 0.3746, loss: 0.8743, grad_norm: 6.5103
2025-06-21 08:43:20,932 - mmdet - INFO - Saving checkpoint at 1 epochs
2025-06-21 08:46:10,011 - mmdet - INFO - 
+-------------+---------+---------+---------+---------+
| classes     | AP_0.25 | AR_0.25 | AP_0.50 | AR_0.50 |
+-------------+---------+---------+---------+---------+
| bed         | 0.7244  | 0.9806  | 0.3998  | 0.6427  |
| table       | 0.4432  | 0.9536  | 0.1600  | 0.4915  |
| sofa        | 0.4606  | 0.9713  | 0.2674  | 0.5869  |
| chair       | 0.7302  | 0.9718  | 0.5576  | 0.8120  |
| toilet      | 0.2704  | 0.9931  | 0.1322  | 0.6414  |
| desk        | 0.1885  | 0.9203  | 0.0330  | 0.2960  |
| dresser     | 0.1102  | 0.8670  | 0.0146  | 0.2615  |
| night_stand | 0.4650  | 0.9882  | 0.2515  | 0.6275  |
| bookshelf   | 0.1297  | 0.7589  | 0.0196  | 0.1170  |
| bathtub     | 0.0731  | 0.8571  | 0.0000  | 0.0000  |
+-------------+---------+---------+---------+---------+
| Overall     | 0.3595  | 0.9262  | 0.1836  | 0.4476  |
+-------------+---------+---------+---------+---------+
2025-06-21 08:46:13,082 - mmdet - INFO - Exp name: tr3d_sunrgbd-3d-10class.py
2025-06-21 08:46:13,083 - mmdet - INFO - Epoch(val) [1][722]	bed_AP_0.25: 0.7244, table_AP_0.25: 0.4432, sofa_AP_0.25: 0.4606, chair_AP_0.25: 0.7302, toilet_AP_0.25: 0.2704, desk_AP_0.25: 0.1885, dresser_AP_0.25: 0.1102, night_stand_AP_0.25: 0.4650, bookshelf_AP_0.25: 0.1297, bathtub_AP_0.25: 0.0731, mAP_0.25: 0.3595, bed_rec_0.25: 0.9806, table_rec_0.25: 0.9536, sofa_rec_0.25: 0.9713, chair_rec_0.25: 0.9718, toilet_rec_0.25: 0.9931, desk_rec_0.25: 0.9203, dresser_rec_0.25: 0.8670, night_stand_rec_0.25: 0.9882, bookshelf_rec_0.25: 0.7589, bathtub_rec_0.25: 0.8571, mAR_0.25: 0.9262, bed_AP_0.50: 0.3998, table_AP_0.50: 0.1600, sofa_AP_0.50: 0.2674, chair_AP_0.50: 0.5576, toilet_AP_0.50: 0.1322, desk_AP_0.50: 0.0330, dresser_AP_0.50: 0.0146, night_stand_AP_0.50: 0.2515, bookshelf_AP_0.50: 0.0196, bathtub_AP_0.50: 0.0000, mAP_0.50: 0.1836, bed_rec_0.50: 0.6427, table_rec_0.50: 0.4915, sofa_rec_0.50: 0.5869, chair_rec_0.50: 0.8120, toilet_rec_0.50: 0.6414, desk_rec_0.50: 0.2960, dresser_rec_0.50: 0.2615, night_stand_rec_0.50: 0.6275, bookshelf_rec_0.50: 0.1170, bathtub_rec_0.50: 0.0000, mAR_0.50: 0.4476
2025-06-21 08:46:45,631 - mmdet - INFO - Epoch [2][50/236]	lr: 1.000e-03, eta: 0:23:06, time: 0.651, data_time: 0.086, memory: 3305, bbox_loss: 0.4897, cls_loss: 0.3498, loss: 0.8395, grad_norm: 5.3998
2025-06-21 08:47:16,003 - mmdet - INFO - Epoch [2][100/236]	lr: 1.000e-03, eta: 0:23:02, time: 0.607, data_time: 0.034, memory: 3305, bbox_loss: 0.4799, cls_loss: 0.3372, loss: 0.8171, grad_norm: 5.5977
2025-06-21 08:47:45,822 - mmdet - INFO - Epoch [2][150/236]	lr: 1.000e-03, eta: 0:22:48, time: 0.597, data_time: 0.032, memory: 3305, bbox_loss: 0.4718, cls_loss: 0.3284, loss: 0.8001, grad_norm: 5.9360
2025-06-21 08:48:15,747 - mmdet - INFO - Epoch [2][200/236]	lr: 1.000e-03, eta: 0:22:31, time: 0.598, data_time: 0.033, memory: 3305, bbox_loss: 0.4655, cls_loss: 0.3249, loss: 0.7904, grad_norm: 5.6355
2025-06-21 08:48:37,227 - mmdet - INFO - Saving checkpoint at 2 epochs
2025-06-21 08:50:56,384 - mmdet - INFO - 
+-------------+---------+---------+---------+---------+
| classes     | AP_0.25 | AR_0.25 | AP_0.50 | AR_0.50 |
+-------------+---------+---------+---------+---------+
| bed         | 0.7978  | 0.9922  | 0.4622  | 0.6621  |
| table       | 0.4943  | 0.9553  | 0.2220  | 0.5664  |
| sofa        | 0.5718  | 0.9825  | 0.3671  | 0.7049  |
| chair       | 0.7855  | 0.9718  | 0.6224  | 0.8163  |
| toilet      | 0.8298  | 0.9931  | 0.4021  | 0.6621  |
| desk        | 0.2164  | 0.9182  | 0.0476  | 0.3762  |
| dresser     | 0.1963  | 0.9358  | 0.0813  | 0.4404  |
| night_stand | 0.5555  | 0.9765  | 0.3673  | 0.7451  |
| bookshelf   | 0.1898  | 0.8440  | 0.0324  | 0.2234  |
| bathtub     | 0.4972  | 0.9184  | 0.0520  | 0.2041  |
+-------------+---------+---------+---------+---------+
| Overall     | 0.5134  | 0.9488  | 0.2656  | 0.5401  |
+-------------+---------+---------+---------+---------+
2025-06-21 08:50:58,267 - mmdet - INFO - Exp name: tr3d_sunrgbd-3d-10class.py
2025-06-21 08:50:58,267 - mmdet - INFO - Epoch(val) [2][722]	bed_AP_0.25: 0.7978, table_AP_0.25: 0.4943, sofa_AP_0.25: 0.5718, chair_AP_0.25: 0.7855, toilet_AP_0.25: 0.8298, desk_AP_0.25: 0.2164, dresser_AP_0.25: 0.1963, night_stand_AP_0.25: 0.5555, bookshelf_AP_0.25: 0.1898, bathtub_AP_0.25: 0.4972, mAP_0.25: 0.5134, bed_rec_0.25: 0.9922, table_rec_0.25: 0.9553, sofa_rec_0.25: 0.9825, chair_rec_0.25: 0.9718, toilet_rec_0.25: 0.9931, desk_rec_0.25: 0.9182, dresser_rec_0.25: 0.9358, night_stand_rec_0.25: 0.9765, bookshelf_rec_0.25: 0.8440, bathtub_rec_0.25: 0.9184, mAR_0.25: 0.9488, bed_AP_0.50: 0.4622, table_AP_0.50: 0.2220, sofa_AP_0.50: 0.3671, chair_AP_0.50: 0.6224, toilet_AP_0.50: 0.4021, desk_AP_0.50: 0.0476, dresser_AP_0.50: 0.0813, night_stand_AP_0.50: 0.3673, bookshelf_AP_0.50: 0.0324, bathtub_AP_0.50: 0.0520, mAP_0.50: 0.2656, bed_rec_0.50: 0.6621, table_rec_0.50: 0.5664, sofa_rec_0.50: 0.7049, chair_rec_0.50: 0.8163, toilet_rec_0.50: 0.6621, desk_rec_0.50: 0.3762, dresser_rec_0.50: 0.4404, night_stand_rec_0.50: 0.7451, bookshelf_rec_0.50: 0.2234, bathtub_rec_0.50: 0.2041, mAR_0.50: 0.5401
2025-06-21 08:51:31,356 - mmdet - INFO - Epoch [3][50/236]	lr: 1.000e-03, eta: 0:20:34, time: 0.661, data_time: 0.088, memory: 3305, bbox_loss: 0.4547, cls_loss: 0.3124, loss: 0.7672, grad_norm: 5.2545
2025-06-21 08:52:01,338 - mmdet - INFO - Epoch [3][100/236]	lr: 1.000e-03, eta: 0:20:20, time: 0.599, data_time: 0.033, memory: 3353, bbox_loss: 0.4523, cls_loss: 0.3110, loss: 0.7633, grad_norm: 4.2397
2025-06-21 08:52:31,643 - mmdet - INFO - Epoch [3][150/236]	lr: 1.000e-03, eta: 0:20:05, time: 0.606, data_time: 0.035, memory: 3369, bbox_loss: 0.4416, cls_loss: 0.3031, loss: 0.7446, grad_norm: 4.8692
2025-06-21 08:53:01,601 - mmdet - INFO - Epoch [3][200/236]	lr: 1.000e-03, eta: 0:19:46, time: 0.599, data_time: 0.033, memory: 3422, bbox_loss: 0.4475, cls_loss: 0.2984, loss: 0.7459, grad_norm: 5.1111
2025-06-21 08:53:23,389 - mmdet - INFO - Saving checkpoint at 3 epochs
2025-06-21 08:55:31,714 - mmdet - INFO - 
+-------------+---------+---------+---------+---------+
| classes     | AP_0.25 | AR_0.25 | AP_0.50 | AR_0.50 |
+-------------+---------+---------+---------+---------+
| bed         | 0.8297  | 0.9961  | 0.5368  | 0.7087  |
| table       | 0.4990  | 0.9621  | 0.2730  | 0.6350  |
| sofa        | 0.6239  | 0.9856  | 0.4783  | 0.7560  |
| chair       | 0.7972  | 0.9729  | 0.5916  | 0.8049  |
| toilet      | 0.8383  | 0.9931  | 0.3592  | 0.5931  |
| desk        | 0.2338  | 0.9389  | 0.0663  | 0.4447  |
| dresser     | 0.2897  | 0.9312  | 0.1143  | 0.4541  |
| night_stand | 0.5993  | 0.9765  | 0.3772  | 0.7373  |
| bookshelf   | 0.2458  | 0.8582  | 0.0533  | 0.2589  |
| bathtub     | 0.6133  | 0.9592  | 0.1256  | 0.3469  |
+-------------+---------+---------+---------+---------+
| Overall     | 0.5570  | 0.9574  | 0.2976  | 0.5740  |
+-------------+---------+---------+---------+---------+
2025-06-21 08:55:33,172 - mmdet - INFO - Exp name: tr3d_sunrgbd-3d-10class.py
2025-06-21 08:55:33,174 - mmdet - INFO - Epoch(val) [3][722]	bed_AP_0.25: 0.8297, table_AP_0.25: 0.4990, sofa_AP_0.25: 0.6239, chair_AP_0.25: 0.7972, toilet_AP_0.25: 0.8383, desk_AP_0.25: 0.2338, dresser_AP_0.25: 0.2897, night_stand_AP_0.25: 0.5993, bookshelf_AP_0.25: 0.2458, bathtub_AP_0.25: 0.6133, mAP_0.25: 0.5570, bed_rec_0.25: 0.9961, table_rec_0.25: 0.9621, sofa_rec_0.25: 0.9856, chair_rec_0.25: 0.9729, toilet_rec_0.25: 0.9931, desk_rec_0.25: 0.9389, dresser_rec_0.25: 0.9312, night_stand_rec_0.25: 0.9765, bookshelf_rec_0.25: 0.8582, bathtub_rec_0.25: 0.9592, mAR_0.25: 0.9574, bed_AP_0.50: 0.5368, table_AP_0.50: 0.2730, sofa_AP_0.50: 0.4783, chair_AP_0.50: 0.5916, toilet_AP_0.50: 0.3592, desk_AP_0.50: 0.0663, dresser_AP_0.50: 0.1143, night_stand_AP_0.50: 0.3772, bookshelf_AP_0.50: 0.0533, bathtub_AP_0.50: 0.1256, mAP_0.50: 0.2976, bed_rec_0.50: 0.7087, table_rec_0.50: 0.6350, sofa_rec_0.50: 0.7560, chair_rec_0.50: 0.8049, toilet_rec_0.50: 0.5931, desk_rec_0.50: 0.4447, dresser_rec_0.50: 0.4541, night_stand_rec_0.50: 0.7373, bookshelf_rec_0.50: 0.2589, bathtub_rec_0.50: 0.3469, mAR_0.50: 0.5740
2025-06-21 08:56:06,116 - mmdet - INFO - Epoch [4][50/236]	lr: 1.000e-03, eta: 0:18:20, time: 0.658, data_time: 0.088, memory: 3422, bbox_loss: 0.4323, cls_loss: 0.2916, loss: 0.7239, grad_norm: 4.4493
2025-06-21 08:56:36,090 - mmdet - INFO - Epoch [4][100/236]	lr: 1.000e-03, eta: 0:18:02, time: 0.599, data_time: 0.032, memory: 3422, bbox_loss: 0.4319, cls_loss: 0.2876, loss: 0.7195, grad_norm: 5.5230
2025-06-21 08:57:06,043 - mmdet - INFO - Epoch [4][150/236]	lr: 1.000e-03, eta: 0:17:43, time: 0.599, data_time: 0.033, memory: 3422, bbox_loss: 0.4267, cls_loss: 0.2885, loss: 0.7153, grad_norm: 4.2837
2025-06-21 08:57:36,056 - mmdet - INFO - Epoch [4][200/236]	lr: 1.000e-03, eta: 0:17:22, time: 0.600, data_time: 0.032, memory: 3422, bbox_loss: 0.4265, cls_loss: 0.2861, loss: 0.7126, grad_norm: 4.2282
2025-06-21 08:57:57,618 - mmdet - INFO - Saving checkpoint at 4 epochs
2025-06-21 09:00:07,092 - mmdet - INFO - 
+-------------+---------+---------+---------+---------+
| classes     | AP_0.25 | AR_0.25 | AP_0.50 | AR_0.50 |
+-------------+---------+---------+---------+---------+
| bed         | 0.8413  | 0.9942  | 0.6115  | 0.7650  |
| table       | 0.5263  | 0.9672  | 0.2873  | 0.6525  |
| sofa        | 0.6349  | 0.9904  | 0.4667  | 0.7640  |
| chair       | 0.8089  | 0.9723  | 0.6517  | 0.8436  |
| toilet      | 0.8583  | 0.9862  | 0.5274  | 0.7172  |
| desk        | 0.2785  | 0.9447  | 0.0787  | 0.4655  |
| dresser     | 0.2888  | 0.9587  | 0.0935  | 0.4587  |
| night_stand | 0.6462  | 0.9843  | 0.4985  | 0.8078  |
| bookshelf   | 0.2586  | 0.8617  | 0.0367  | 0.2447  |
| bathtub     | 0.6472  | 0.9388  | 0.3249  | 0.4694  |
+-------------+---------+---------+---------+---------+
| Overall     | 0.5789  | 0.9599  | 0.3577  | 0.6188  |
+-------------+---------+---------+---------+---------+
2025-06-21 09:00:08,809 - mmdet - INFO - Exp name: tr3d_sunrgbd-3d-10class.py
2025-06-21 09:00:08,811 - mmdet - INFO - Epoch(val) [4][722]	bed_AP_0.25: 0.8413, table_AP_0.25: 0.5263, sofa_AP_0.25: 0.6349, chair_AP_0.25: 0.8089, toilet_AP_0.25: 0.8583, desk_AP_0.25: 0.2785, dresser_AP_0.25: 0.2888, night_stand_AP_0.25: 0.6462, bookshelf_AP_0.25: 0.2586, bathtub_AP_0.25: 0.6472, mAP_0.25: 0.5789, bed_rec_0.25: 0.9942, table_rec_0.25: 0.9672, sofa_rec_0.25: 0.9904, chair_rec_0.25: 0.9723, toilet_rec_0.25: 0.9862, desk_rec_0.25: 0.9447, dresser_rec_0.25: 0.9587, night_stand_rec_0.25: 0.9843, bookshelf_rec_0.25: 0.8617, bathtub_rec_0.25: 0.9388, mAR_0.25: 0.9599, bed_AP_0.50: 0.6115, table_AP_0.50: 0.2873, sofa_AP_0.50: 0.4667, chair_AP_0.50: 0.6517, toilet_AP_0.50: 0.5274, desk_AP_0.50: 0.0787, dresser_AP_0.50: 0.0935, night_stand_AP_0.50: 0.4985, bookshelf_AP_0.50: 0.0367, bathtub_AP_0.50: 0.3249, mAP_0.50: 0.3577, bed_rec_0.50: 0.7650, table_rec_0.50: 0.6525, sofa_rec_0.50: 0.7640, chair_rec_0.50: 0.8436, toilet_rec_0.50: 0.7172, desk_rec_0.50: 0.4655, dresser_rec_0.50: 0.4587, night_stand_rec_0.50: 0.8078, bookshelf_rec_0.50: 0.2447, bathtub_rec_0.50: 0.4694, mAR_0.50: 0.6188
2025-06-21 09:00:41,604 - mmdet - INFO - Epoch [5][50/236]	lr: 1.000e-03, eta: 0:16:10, time: 0.655, data_time: 0.088, memory: 3422, bbox_loss: 0.4187, cls_loss: 0.2758, loss: 0.6945, grad_norm: 4.7438
2025-06-21 09:01:11,426 - mmdet - INFO - Epoch [5][100/236]	lr: 1.000e-03, eta: 0:15:49, time: 0.597, data_time: 0.033, memory: 3422, bbox_loss: 0.4200, cls_loss: 0.2762, loss: 0.6962, grad_norm: 4.3469
2025-06-21 09:01:41,659 - mmdet - INFO - Epoch [5][150/236]	lr: 1.000e-03, eta: 0:15:29, time: 0.605, data_time: 0.035, memory: 3422, bbox_loss: 0.4131, cls_loss: 0.2706, loss: 0.6836, grad_norm: 4.7435
2025-06-21 09:02:11,959 - mmdet - INFO - Epoch [5][200/236]	lr: 1.000e-03, eta: 0:15:07, time: 0.606, data_time: 0.033, memory: 3422, bbox_loss: 0.4158, cls_loss: 0.2710, loss: 0.6868, grad_norm: 4.4434
2025-06-21 09:02:34,009 - mmdet - INFO - Saving checkpoint at 5 epochs
2025-06-21 09:04:43,037 - mmdet - INFO - 
+-------------+---------+---------+---------+---------+
| classes     | AP_0.25 | AR_0.25 | AP_0.50 | AR_0.50 |
+-------------+---------+---------+---------+---------+
| bed         | 0.8368  | 0.9922  | 0.5827  | 0.7398  |
| table       | 0.5499  | 0.9723  | 0.3215  | 0.6793  |
| sofa        | 0.6407  | 0.9856  | 0.4931  | 0.7719  |
| chair       | 0.8098  | 0.9775  | 0.6671  | 0.8524  |
| toilet      | 0.8863  | 0.9931  | 0.6230  | 0.7724  |
| desk        | 0.2966  | 0.9394  | 0.0829  | 0.4894  |
| dresser     | 0.3363  | 0.9358  | 0.2280  | 0.6239  |
| night_stand | 0.7044  | 0.9804  | 0.5439  | 0.8275  |
| bookshelf   | 0.2941  | 0.8546  | 0.0436  | 0.2979  |
| bathtub     | 0.6331  | 0.9592  | 0.3575  | 0.5306  |
+-------------+---------+---------+---------+---------+
| Overall     | 0.5988  | 0.9590  | 0.3943  | 0.6585  |
+-------------+---------+---------+---------+---------+
2025-06-21 09:04:44,710 - mmdet - INFO - Exp name: tr3d_sunrgbd-3d-10class.py
2025-06-21 09:04:44,712 - mmdet - INFO - Epoch(val) [5][722]	bed_AP_0.25: 0.8368, table_AP_0.25: 0.5499, sofa_AP_0.25: 0.6407, chair_AP_0.25: 0.8098, toilet_AP_0.25: 0.8863, desk_AP_0.25: 0.2966, dresser_AP_0.25: 0.3363, night_stand_AP_0.25: 0.7044, bookshelf_AP_0.25: 0.2941, bathtub_AP_0.25: 0.6331, mAP_0.25: 0.5988, bed_rec_0.25: 0.9922, table_rec_0.25: 0.9723, sofa_rec_0.25: 0.9856, chair_rec_0.25: 0.9775, toilet_rec_0.25: 0.9931, desk_rec_0.25: 0.9394, dresser_rec_0.25: 0.9358, night_stand_rec_0.25: 0.9804, bookshelf_rec_0.25: 0.8546, bathtub_rec_0.25: 0.9592, mAR_0.25: 0.9590, bed_AP_0.50: 0.5827, table_AP_0.50: 0.3215, sofa_AP_0.50: 0.4931, chair_AP_0.50: 0.6671, toilet_AP_0.50: 0.6230, desk_AP_0.50: 0.0829, dresser_AP_0.50: 0.2280, night_stand_AP_0.50: 0.5439, bookshelf_AP_0.50: 0.0436, bathtub_AP_0.50: 0.3575, mAP_0.50: 0.3943, bed_rec_0.50: 0.7398, table_rec_0.50: 0.6793, sofa_rec_0.50: 0.7719, chair_rec_0.50: 0.8524, toilet_rec_0.50: 0.7724, desk_rec_0.50: 0.4894, dresser_rec_0.50: 0.6239, night_stand_rec_0.50: 0.8275, bookshelf_rec_0.50: 0.2979, bathtub_rec_0.50: 0.5306, mAR_0.50: 0.6585
2025-06-21 09:05:17,677 - mmdet - INFO - Epoch [6][50/236]	lr: 1.000e-03, eta: 0:14:04, time: 0.659, data_time: 0.088, memory: 3422, bbox_loss: 0.4086, cls_loss: 0.2647, loss: 0.6734, grad_norm: 4.1780
2025-06-21 09:05:48,025 - mmdet - INFO - Epoch [6][100/236]	lr: 1.000e-03, eta: 0:13:42, time: 0.607, data_time: 0.034, memory: 3422, bbox_loss: 0.4123, cls_loss: 0.2626, loss: 0.6749, grad_norm: 4.5677
2025-06-21 09:06:17,655 - mmdet - INFO - Epoch [6][150/236]	lr: 1.000e-03, eta: 0:13:19, time: 0.593, data_time: 0.032, memory: 3422, bbox_loss: 0.4031, cls_loss: 0.2604, loss: 0.6635, grad_norm: 4.0871
2025-06-21 09:06:47,552 - mmdet - INFO - Epoch [6][200/236]	lr: 1.000e-03, eta: 0:12:56, time: 0.598, data_time: 0.033, memory: 3422, bbox_loss: 0.4049, cls_loss: 0.2586, loss: 0.6636, grad_norm: 5.0929
2025-06-21 09:07:09,399 - mmdet - INFO - Saving checkpoint at 6 epochs
2025-06-21 09:09:17,047 - mmdet - INFO - 
+-------------+---------+---------+---------+---------+
| classes     | AP_0.25 | AR_0.25 | AP_0.50 | AR_0.50 |
+-------------+---------+---------+---------+---------+
| bed         | 0.8608  | 0.9961  | 0.6184  | 0.7553  |
| table       | 0.5871  | 0.9744  | 0.3374  | 0.6912  |
| sofa        | 0.6783  | 0.9841  | 0.5374  | 0.7990  |
| chair       | 0.8130  | 0.9748  | 0.6665  | 0.8482  |
| toilet      | 0.8902  | 1.0000  | 0.6494  | 0.7724  |
| desk        | 0.3078  | 0.9485  | 0.0985  | 0.5399  |
| dresser     | 0.2940  | 0.9495  | 0.1804  | 0.6468  |
| night_stand | 0.6649  | 0.9804  | 0.5579  | 0.8667  |
| bookshelf   | 0.2448  | 0.8830  | 0.0290  | 0.3085  |
| bathtub     | 0.6710  | 0.9796  | 0.3408  | 0.6327  |
+-------------+---------+---------+---------+---------+
| Overall     | 0.6012  | 0.9670  | 0.4016  | 0.6861  |
+-------------+---------+---------+---------+---------+
2025-06-21 09:09:18,692 - mmdet - INFO - Exp name: tr3d_sunrgbd-3d-10class.py
2025-06-21 09:09:18,695 - mmdet - INFO - Epoch(val) [6][722]	bed_AP_0.25: 0.8608, table_AP_0.25: 0.5871, sofa_AP_0.25: 0.6783, chair_AP_0.25: 0.8130, toilet_AP_0.25: 0.8902, desk_AP_0.25: 0.3078, dresser_AP_0.25: 0.2940, night_stand_AP_0.25: 0.6649, bookshelf_AP_0.25: 0.2448, bathtub_AP_0.25: 0.6710, mAP_0.25: 0.6012, bed_rec_0.25: 0.9961, table_rec_0.25: 0.9744, sofa_rec_0.25: 0.9841, chair_rec_0.25: 0.9748, toilet_rec_0.25: 1.0000, desk_rec_0.25: 0.9485, dresser_rec_0.25: 0.9495, night_stand_rec_0.25: 0.9804, bookshelf_rec_0.25: 0.8830, bathtub_rec_0.25: 0.9796, mAR_0.25: 0.9670, bed_AP_0.50: 0.6184, table_AP_0.50: 0.3374, sofa_AP_0.50: 0.5374, chair_AP_0.50: 0.6665, toilet_AP_0.50: 0.6494, desk_AP_0.50: 0.0985, dresser_AP_0.50: 0.1804, night_stand_AP_0.50: 0.5579, bookshelf_AP_0.50: 0.0290, bathtub_AP_0.50: 0.3408, mAP_0.50: 0.4016, bed_rec_0.50: 0.7553, table_rec_0.50: 0.6912, sofa_rec_0.50: 0.7990, chair_rec_0.50: 0.8482, toilet_rec_0.50: 0.7724, desk_rec_0.50: 0.5399, dresser_rec_0.50: 0.6468, night_stand_rec_0.50: 0.8667, bookshelf_rec_0.50: 0.3085, bathtub_rec_0.50: 0.6327, mAR_0.50: 0.6861
2025-06-21 09:09:51,098 - mmdet - INFO - Epoch [7][50/236]	lr: 1.000e-03, eta: 0:11:57, time: 0.648, data_time: 0.087, memory: 3605, bbox_loss: 0.3984, cls_loss: 0.2552, loss: 0.6536, grad_norm: 4.1422
2025-06-21 09:10:20,694 - mmdet - INFO - Epoch [7][100/236]	lr: 1.000e-03, eta: 0:11:34, time: 0.592, data_time: 0.032, memory: 3605, bbox_loss: 0.3962, cls_loss: 0.2533, loss: 0.6495, grad_norm: 3.7513
2025-06-21 09:10:50,460 - mmdet - INFO - Epoch [7][150/236]	lr: 1.000e-03, eta: 0:11:10, time: 0.595, data_time: 0.031, memory: 3605, bbox_loss: 0.4022, cls_loss: 0.2527, loss: 0.6549, grad_norm: 4.0360
2025-06-21 09:11:20,119 - mmdet - INFO - Epoch [7][200/236]	lr: 1.000e-03, eta: 0:10:46, time: 0.593, data_time: 0.031, memory: 3605, bbox_loss: 0.3982, cls_loss: 0.2513, loss: 0.6495, grad_norm: 3.4955
2025-06-21 09:11:41,774 - mmdet - INFO - Saving checkpoint at 7 epochs
2025-06-21 09:13:45,482 - mmdet - INFO - 
+-------------+---------+---------+---------+---------+
| classes     | AP_0.25 | AR_0.25 | AP_0.50 | AR_0.50 |
+-------------+---------+---------+---------+---------+
| bed         | 0.8475  | 0.9981  | 0.5874  | 0.7689  |
| table       | 0.5691  | 0.9749  | 0.3457  | 0.6989  |
| sofa        | 0.6698  | 0.9856  | 0.5356  | 0.7974  |
| chair       | 0.8183  | 0.9715  | 0.6722  | 0.8423  |
| toilet      | 0.8984  | 0.9931  | 0.6048  | 0.7793  |
| desk        | 0.3398  | 0.9538  | 0.1118  | 0.5537  |
| dresser     | 0.3808  | 0.9450  | 0.2701  | 0.6881  |
| night_stand | 0.6966  | 0.9765  | 0.5845  | 0.8353  |
| bookshelf   | 0.2985  | 0.8759  | 0.0604  | 0.3156  |
| bathtub     | 0.7135  | 0.9796  | 0.4905  | 0.7143  |
+-------------+---------+---------+---------+---------+
| Overall     | 0.6232  | 0.9654  | 0.4263  | 0.6994  |
+-------------+---------+---------+---------+---------+
2025-06-21 09:13:46,918 - mmdet - INFO - Exp name: tr3d_sunrgbd-3d-10class.py
2025-06-21 09:13:46,920 - mmdet - INFO - Epoch(val) [7][722]	bed_AP_0.25: 0.8475, table_AP_0.25: 0.5691, sofa_AP_0.25: 0.6698, chair_AP_0.25: 0.8183, toilet_AP_0.25: 0.8984, desk_AP_0.25: 0.3398, dresser_AP_0.25: 0.3808, night_stand_AP_0.25: 0.6966, bookshelf_AP_0.25: 0.2985, bathtub_AP_0.25: 0.7135, mAP_0.25: 0.6232, bed_rec_0.25: 0.9981, table_rec_0.25: 0.9749, sofa_rec_0.25: 0.9856, chair_rec_0.25: 0.9715, toilet_rec_0.25: 0.9931, desk_rec_0.25: 0.9538, dresser_rec_0.25: 0.9450, night_stand_rec_0.25: 0.9765, bookshelf_rec_0.25: 0.8759, bathtub_rec_0.25: 0.9796, mAR_0.25: 0.9654, bed_AP_0.50: 0.5874, table_AP_0.50: 0.3457, sofa_AP_0.50: 0.5356, chair_AP_0.50: 0.6722, toilet_AP_0.50: 0.6048, desk_AP_0.50: 0.1118, dresser_AP_0.50: 0.2701, night_stand_AP_0.50: 0.5845, bookshelf_AP_0.50: 0.0604, bathtub_AP_0.50: 0.4905, mAP_0.50: 0.4263, bed_rec_0.50: 0.7689, table_rec_0.50: 0.6989, sofa_rec_0.50: 0.7974, chair_rec_0.50: 0.8423, toilet_rec_0.50: 0.7793, desk_rec_0.50: 0.5537, dresser_rec_0.50: 0.6881, night_stand_rec_0.50: 0.8353, bookshelf_rec_0.50: 0.3156, bathtub_rec_0.50: 0.7143, mAR_0.50: 0.6994
2025-06-21 09:14:19,844 - mmdet - INFO - Epoch [8][50/236]	lr: 1.000e-03, eta: 0:09:52, time: 0.658, data_time: 0.086, memory: 3605, bbox_loss: 0.3901, cls_loss: 0.2431, loss: 0.6332, grad_norm: 3.3050
2025-06-21 09:14:50,067 - mmdet - INFO - Epoch [8][100/236]	lr: 1.000e-03, eta: 0:09:28, time: 0.605, data_time: 0.032, memory: 3605, bbox_loss: 0.3946, cls_loss: 0.2450, loss: 0.6396, grad_norm: 3.7006
2025-06-21 09:15:20,293 - mmdet - INFO - Epoch [8][150/236]	lr: 1.000e-03, eta: 0:09:04, time: 0.604, data_time: 0.032, memory: 3605, bbox_loss: 0.3925, cls_loss: 0.2478, loss: 0.6403, grad_norm: 3.7061
2025-06-21 09:15:50,215 - mmdet - INFO - Epoch [8][200/236]	lr: 1.000e-03, eta: 0:08:39, time: 0.598, data_time: 0.031, memory: 3605, bbox_loss: 0.3894, cls_loss: 0.2417, loss: 0.6311, grad_norm: 3.7768
2025-06-21 09:16:12,128 - mmdet - INFO - Saving checkpoint at 8 epochs
2025-06-21 09:18:05,674 - mmdet - INFO - 
+-------------+---------+---------+---------+---------+
| classes     | AP_0.25 | AR_0.25 | AP_0.50 | AR_0.50 |
+-------------+---------+---------+---------+---------+
| bed         | 0.8535  | 0.9942  | 0.6442  | 0.7883  |
| table       | 0.5759  | 0.9723  | 0.3476  | 0.7044  |
| sofa        | 0.6735  | 0.9872  | 0.5376  | 0.8198  |
| chair       | 0.8226  | 0.9770  | 0.6718  | 0.8524  |
| toilet      | 0.9232  | 1.0000  | 0.6309  | 0.7862  |
| desk        | 0.3689  | 0.9501  | 0.1293  | 0.5521  |
| dresser     | 0.3858  | 0.9495  | 0.2425  | 0.6927  |
| night_stand | 0.6991  | 0.9765  | 0.5387  | 0.8196  |
| bookshelf   | 0.2809  | 0.8972  | 0.0842  | 0.3723  |
| bathtub     | 0.7313  | 0.9796  | 0.4141  | 0.7143  |
+-------------+---------+---------+---------+---------+
| Overall     | 0.6315  | 0.9684  | 0.4241  | 0.7102  |
+-------------+---------+---------+---------+---------+
2025-06-21 09:18:07,053 - mmdet - INFO - Exp name: tr3d_sunrgbd-3d-10class.py
2025-06-21 09:18:07,054 - mmdet - INFO - Epoch(val) [8][722]	bed_AP_0.25: 0.8535, table_AP_0.25: 0.5759, sofa_AP_0.25: 0.6735, chair_AP_0.25: 0.8226, toilet_AP_0.25: 0.9232, desk_AP_0.25: 0.3689, dresser_AP_0.25: 0.3858, night_stand_AP_0.25: 0.6991, bookshelf_AP_0.25: 0.2809, bathtub_AP_0.25: 0.7313, mAP_0.25: 0.6315, bed_rec_0.25: 0.9942, table_rec_0.25: 0.9723, sofa_rec_0.25: 0.9872, chair_rec_0.25: 0.9770, toilet_rec_0.25: 1.0000, desk_rec_0.25: 0.9501, dresser_rec_0.25: 0.9495, night_stand_rec_0.25: 0.9765, bookshelf_rec_0.25: 0.8972, bathtub_rec_0.25: 0.9796, mAR_0.25: 0.9684, bed_AP_0.50: 0.6442, table_AP_0.50: 0.3476, sofa_AP_0.50: 0.5376, chair_AP_0.50: 0.6718, toilet_AP_0.50: 0.6309, desk_AP_0.50: 0.1293, dresser_AP_0.50: 0.2425, night_stand_AP_0.50: 0.5387, bookshelf_AP_0.50: 0.0842, bathtub_AP_0.50: 0.4141, mAP_0.50: 0.4241, bed_rec_0.50: 0.7883, table_rec_0.50: 0.7044, sofa_rec_0.50: 0.8198, chair_rec_0.50: 0.8524, toilet_rec_0.50: 0.7862, desk_rec_0.50: 0.5521, dresser_rec_0.50: 0.6927, night_stand_rec_0.50: 0.8196, bookshelf_rec_0.50: 0.3723, bathtub_rec_0.50: 0.7143, mAR_0.50: 0.7102
2025-06-21 09:18:40,189 - mmdet - INFO - Epoch [9][50/236]	lr: 1.000e-04, eta: 0:07:48, time: 0.662, data_time: 0.090, memory: 3605, bbox_loss: 0.3779, cls_loss: 0.2317, loss: 0.6096, grad_norm: 2.2597
2025-06-21 09:19:09,937 - mmdet - INFO - Epoch [9][100/236]	lr: 1.000e-04, eta: 0:07:23, time: 0.595, data_time: 0.032, memory: 3605, bbox_loss: 0.3728, cls_loss: 0.2272, loss: 0.6000, grad_norm: 1.9447
2025-06-21 09:19:39,558 - mmdet - INFO - Epoch [9][150/236]	lr: 1.000e-04, eta: 0:06:58, time: 0.592, data_time: 0.032, memory: 3605, bbox_loss: 0.3688, cls_loss: 0.2241, loss: 0.5929, grad_norm: 2.0209
2025-06-21 09:20:09,310 - mmdet - INFO - Epoch [9][200/236]	lr: 1.000e-04, eta: 0:06:33, time: 0.595, data_time: 0.032, memory: 3605, bbox_loss: 0.3688, cls_loss: 0.2206, loss: 0.5894, grad_norm: 2.0009
2025-06-21 09:20:30,940 - mmdet - INFO - Saving checkpoint at 9 epochs
2025-06-21 09:22:26,983 - mmdet - INFO - 
+-------------+---------+---------+---------+---------+
| classes     | AP_0.25 | AR_0.25 | AP_0.50 | AR_0.50 |
+-------------+---------+---------+---------+---------+
| bed         | 0.8754  | 0.9981  | 0.6846  | 0.8155  |
| table       | 0.5909  | 0.9757  | 0.3686  | 0.7283  |
| sofa        | 0.7101  | 0.9856  | 0.5859  | 0.8118  |
| chair       | 0.8281  | 0.9765  | 0.7004  | 0.8760  |
| toilet      | 0.9327  | 1.0000  | 0.7379  | 0.8483  |
| desk        | 0.4040  | 0.9485  | 0.1637  | 0.5994  |
| dresser     | 0.4229  | 0.9266  | 0.3122  | 0.7018  |
| night_stand | 0.7210  | 0.9725  | 0.5895  | 0.8392  |
| bookshelf   | 0.3672  | 0.9007  | 0.1076  | 0.4184  |
| bathtub     | 0.7491  | 0.9796  | 0.5556  | 0.6939  |
+-------------+---------+---------+---------+---------+
| Overall     | 0.6601  | 0.9664  | 0.4806  | 0.7333  |
+-------------+---------+---------+---------+---------+
2025-06-21 09:22:28,289 - mmdet - INFO - Exp name: tr3d_sunrgbd-3d-10class.py
2025-06-21 09:22:28,290 - mmdet - INFO - Epoch(val) [9][722]	bed_AP_0.25: 0.8754, table_AP_0.25: 0.5909, sofa_AP_0.25: 0.7101, chair_AP_0.25: 0.8281, toilet_AP_0.25: 0.9327, desk_AP_0.25: 0.4040, dresser_AP_0.25: 0.4229, night_stand_AP_0.25: 0.7210, bookshelf_AP_0.25: 0.3672, bathtub_AP_0.25: 0.7491, mAP_0.25: 0.6601, bed_rec_0.25: 0.9981, table_rec_0.25: 0.9757, sofa_rec_0.25: 0.9856, chair_rec_0.25: 0.9765, toilet_rec_0.25: 1.0000, desk_rec_0.25: 0.9485, dresser_rec_0.25: 0.9266, night_stand_rec_0.25: 0.9725, bookshelf_rec_0.25: 0.9007, bathtub_rec_0.25: 0.9796, mAR_0.25: 0.9664, bed_AP_0.50: 0.6846, table_AP_0.50: 0.3686, sofa_AP_0.50: 0.5859, chair_AP_0.50: 0.7004, toilet_AP_0.50: 0.7379, desk_AP_0.50: 0.1637, dresser_AP_0.50: 0.3122, night_stand_AP_0.50: 0.5895, bookshelf_AP_0.50: 0.1076, bathtub_AP_0.50: 0.5556, mAP_0.50: 0.4806, bed_rec_0.50: 0.8155, table_rec_0.50: 0.7283, sofa_rec_0.50: 0.8118, chair_rec_0.50: 0.8760, toilet_rec_0.50: 0.8483, desk_rec_0.50: 0.5994, dresser_rec_0.50: 0.7018, night_stand_rec_0.50: 0.8392, bookshelf_rec_0.50: 0.4184, bathtub_rec_0.50: 0.6939, mAR_0.50: 0.7333
2025-06-21 09:23:01,452 - mmdet - INFO - Epoch [10][50/236]	lr: 1.000e-04, eta: 0:05:44, time: 0.663, data_time: 0.090, memory: 3605, bbox_loss: 0.3699, cls_loss: 0.2201, loss: 0.5900, grad_norm: 2.2717
2025-06-21 09:23:31,157 - mmdet - INFO - Epoch [10][100/236]	lr: 1.000e-04, eta: 0:05:19, time: 0.594, data_time: 0.031, memory: 3605, bbox_loss: 0.3655, cls_loss: 0.2195, loss: 0.5850, grad_norm: 2.1645
2025-06-21 09:24:01,052 - mmdet - INFO - Epoch [10][150/236]	lr: 1.000e-04, eta: 0:04:53, time: 0.598, data_time: 0.033, memory: 3605, bbox_loss: 0.3630, cls_loss: 0.2171, loss: 0.5801, grad_norm: 2.2248
2025-06-21 09:24:30,892 - mmdet - INFO - Epoch [10][200/236]	lr: 1.000e-04, eta: 0:04:28, time: 0.597, data_time: 0.033, memory: 3605, bbox_loss: 0.3656, cls_loss: 0.2169, loss: 0.5825, grad_norm: 2.3919
2025-06-21 09:24:52,656 - mmdet - INFO - Saving checkpoint at 10 epochs
2025-06-21 09:26:46,856 - mmdet - INFO - 
+-------------+---------+---------+---------+---------+
| classes     | AP_0.25 | AR_0.25 | AP_0.50 | AR_0.50 |
+-------------+---------+---------+---------+---------+
| bed         | 0.8728  | 0.9981  | 0.6780  | 0.8058  |
| table       | 0.5824  | 0.9766  | 0.3615  | 0.7283  |
| sofa        | 0.7129  | 0.9809  | 0.6046  | 0.8293  |
| chair       | 0.8283  | 0.9755  | 0.6982  | 0.8718  |
| toilet      | 0.9269  | 1.0000  | 0.7419  | 0.8621  |
| desk        | 0.4046  | 0.9623  | 0.1666  | 0.5967  |
| dresser     | 0.4181  | 0.9450  | 0.3049  | 0.7248  |
| night_stand | 0.7143  | 0.9725  | 0.5968  | 0.8667  |
| bookshelf   | 0.3599  | 0.9043  | 0.1139  | 0.3936  |
| bathtub     | 0.7694  | 0.9796  | 0.5689  | 0.6939  |
+-------------+---------+---------+---------+---------+
| Overall     | 0.6590  | 0.9695  | 0.4835  | 0.7373  |
+-------------+---------+---------+---------+---------+
2025-06-21 09:26:48,193 - mmdet - INFO - Exp name: tr3d_sunrgbd-3d-10class.py
2025-06-21 09:26:48,194 - mmdet - INFO - Epoch(val) [10][722]	bed_AP_0.25: 0.8728, table_AP_0.25: 0.5824, sofa_AP_0.25: 0.7129, chair_AP_0.25: 0.8283, toilet_AP_0.25: 0.9269, desk_AP_0.25: 0.4046, dresser_AP_0.25: 0.4181, night_stand_AP_0.25: 0.7143, bookshelf_AP_0.25: 0.3599, bathtub_AP_0.25: 0.7694, mAP_0.25: 0.6590, bed_rec_0.25: 0.9981, table_rec_0.25: 0.9766, sofa_rec_0.25: 0.9809, chair_rec_0.25: 0.9755, toilet_rec_0.25: 1.0000, desk_rec_0.25: 0.9623, dresser_rec_0.25: 0.9450, night_stand_rec_0.25: 0.9725, bookshelf_rec_0.25: 0.9043, bathtub_rec_0.25: 0.9796, mAR_0.25: 0.9695, bed_AP_0.50: 0.6780, table_AP_0.50: 0.3615, sofa_AP_0.50: 0.6046, chair_AP_0.50: 0.6982, toilet_AP_0.50: 0.7419, desk_AP_0.50: 0.1666, dresser_AP_0.50: 0.3049, night_stand_AP_0.50: 0.5968, bookshelf_AP_0.50: 0.1139, bathtub_AP_0.50: 0.5689, mAP_0.50: 0.4835, bed_rec_0.50: 0.8058, table_rec_0.50: 0.7283, sofa_rec_0.50: 0.8293, chair_rec_0.50: 0.8718, toilet_rec_0.50: 0.8621, desk_rec_0.50: 0.5967, dresser_rec_0.50: 0.7248, night_stand_rec_0.50: 0.8667, bookshelf_rec_0.50: 0.3936, bathtub_rec_0.50: 0.6939, mAR_0.50: 0.7373
2025-06-21 09:27:21,642 - mmdet - INFO - Epoch [11][50/236]	lr: 1.000e-04, eta: 0:03:40, time: 0.669, data_time: 0.091, memory: 3605, bbox_loss: 0.3659, cls_loss: 0.2143, loss: 0.5802, grad_norm: 2.3806
2025-06-21 09:27:51,551 - mmdet - INFO - Epoch [11][100/236]	lr: 1.000e-04, eta: 0:03:15, time: 0.598, data_time: 0.031, memory: 3605, bbox_loss: 0.3630, cls_loss: 0.2143, loss: 0.5773, grad_norm: 2.2374
2025-06-21 09:28:21,804 - mmdet - INFO - Epoch [11][150/236]	lr: 1.000e-04, eta: 0:02:49, time: 0.605, data_time: 0.032, memory: 3605, bbox_loss: 0.3655, cls_loss: 0.2153, loss: 0.5808, grad_norm: 2.4831
2025-06-21 09:28:51,622 - mmdet - INFO - Epoch [11][200/236]	lr: 1.000e-04, eta: 0:02:23, time: 0.596, data_time: 0.032, memory: 3605, bbox_loss: 0.3602, cls_loss: 0.2126, loss: 0.5728, grad_norm: 2.3420
2025-06-21 09:29:13,073 - mmdet - INFO - Saving checkpoint at 11 epochs
2025-06-21 09:31:04,718 - mmdet - INFO - 
+-------------+---------+---------+---------+---------+
| classes     | AP_0.25 | AR_0.25 | AP_0.50 | AR_0.50 |
+-------------+---------+---------+---------+---------+
| bed         | 0.8685  | 0.9961  | 0.6775  | 0.7981  |
| table       | 0.5858  | 0.9723  | 0.3678  | 0.7227  |
| sofa        | 0.7064  | 0.9841  | 0.5973  | 0.8453  |
| chair       | 0.8314  | 0.9778  | 0.6996  | 0.8722  |
| toilet      | 0.9201  | 1.0000  | 0.7427  | 0.8483  |
| desk        | 0.4042  | 0.9511  | 0.1637  | 0.5951  |
| dresser     | 0.4184  | 0.9495  | 0.3106  | 0.7202  |
| night_stand | 0.7179  | 0.9725  | 0.5895  | 0.8510  |
| bookshelf   | 0.3447  | 0.8759  | 0.1069  | 0.4043  |
| bathtub     | 0.7789  | 0.9592  | 0.6054  | 0.7959  |
+-------------+---------+---------+---------+---------+
| Overall     | 0.6576  | 0.9639  | 0.4861  | 0.7453  |
+-------------+---------+---------+---------+---------+
2025-06-21 09:31:05,998 - mmdet - INFO - Exp name: tr3d_sunrgbd-3d-10class.py
2025-06-21 09:31:05,999 - mmdet - INFO - Epoch(val) [11][722]	bed_AP_0.25: 0.8685, table_AP_0.25: 0.5858, sofa_AP_0.25: 0.7064, chair_AP_0.25: 0.8314, toilet_AP_0.25: 0.9201, desk_AP_0.25: 0.4042, dresser_AP_0.25: 0.4184, night_stand_AP_0.25: 0.7179, bookshelf_AP_0.25: 0.3447, bathtub_AP_0.25: 0.7789, mAP_0.25: 0.6576, bed_rec_0.25: 0.9961, table_rec_0.25: 0.9723, sofa_rec_0.25: 0.9841, chair_rec_0.25: 0.9778, toilet_rec_0.25: 1.0000, desk_rec_0.25: 0.9511, dresser_rec_0.25: 0.9495, night_stand_rec_0.25: 0.9725, bookshelf_rec_0.25: 0.8759, bathtub_rec_0.25: 0.9592, mAR_0.25: 0.9639, bed_AP_0.50: 0.6775, table_AP_0.50: 0.3678, sofa_AP_0.50: 0.5973, chair_AP_0.50: 0.6996, toilet_AP_0.50: 0.7427, desk_AP_0.50: 0.1637, dresser_AP_0.50: 0.3106, night_stand_AP_0.50: 0.5895, bookshelf_AP_0.50: 0.1069, bathtub_AP_0.50: 0.6054, mAP_0.50: 0.4861, bed_rec_0.50: 0.7981, table_rec_0.50: 0.7227, sofa_rec_0.50: 0.8453, chair_rec_0.50: 0.8722, toilet_rec_0.50: 0.8483, desk_rec_0.50: 0.5951, dresser_rec_0.50: 0.7202, night_stand_rec_0.50: 0.8510, bookshelf_rec_0.50: 0.4043, bathtub_rec_0.50: 0.7959, mAR_0.50: 0.7453
2025-06-21 09:31:39,207 - mmdet - INFO - Epoch [12][50/236]	lr: 1.000e-05, eta: 0:01:37, time: 0.664, data_time: 0.090, memory: 3605, bbox_loss: 0.3636, cls_loss: 0.2134, loss: 0.5770, grad_norm: 1.8079
2025-06-21 09:32:09,021 - mmdet - INFO - Epoch [12][100/236]	lr: 1.000e-05, eta: 0:01:11, time: 0.596, data_time: 0.033, memory: 3605, bbox_loss: 0.3586, cls_loss: 0.2092, loss: 0.5678, grad_norm: 1.7773
2025-06-21 09:32:39,082 - mmdet - INFO - Epoch [12][150/236]	lr: 1.000e-05, eta: 0:00:45, time: 0.601, data_time: 0.033, memory: 3605, bbox_loss: 0.3567, cls_loss: 0.2089, loss: 0.5656, grad_norm: 1.8168
2025-06-21 09:33:08,972 - mmdet - INFO - Epoch [12][200/236]	lr: 1.000e-05, eta: 0:00:18, time: 0.598, data_time: 0.034, memory: 3605, bbox_loss: 0.3611, cls_loss: 0.2092, loss: 0.5704, grad_norm: 1.9012
2025-06-21 09:33:30,544 - mmdet - INFO - Saving checkpoint at 12 epochs
2025-06-21 09:35:23,518 - mmdet - INFO - 
+-------------+---------+---------+---------+---------+
| classes     | AP_0.25 | AR_0.25 | AP_0.50 | AR_0.50 |
+-------------+---------+---------+---------+---------+
| bed         | 0.8752  | 0.9981  | 0.6990  | 0.8097  |
| table       | 0.5862  | 0.9753  | 0.3724  | 0.7270  |
| sofa        | 0.7102  | 0.9825  | 0.5950  | 0.8309  |
| chair       | 0.8305  | 0.9756  | 0.7029  | 0.8709  |
| toilet      | 0.9252  | 1.0000  | 0.7486  | 0.8483  |
| desk        | 0.4104  | 0.9543  | 0.1631  | 0.6010  |
| dresser     | 0.4391  | 0.9450  | 0.3287  | 0.7339  |
| night_stand | 0.7177  | 0.9686  | 0.5902  | 0.8549  |
| bookshelf   | 0.3475  | 0.8794  | 0.0982  | 0.4007  |
| bathtub     | 0.7719  | 0.9796  | 0.5828  | 0.7551  |
+-------------+---------+---------+---------+---------+
| Overall     | 0.6614  | 0.9658  | 0.4881  | 0.7432  |
+-------------+---------+---------+---------+---------+
2025-06-21 09:35:24,750 - mmdet - INFO - Exp name: tr3d_sunrgbd-3d-10class.py
2025-06-21 09:35:24,753 - mmdet - INFO - Epoch(val) [12][722]	bed_AP_0.25: 0.8752, table_AP_0.25: 0.5862, sofa_AP_0.25: 0.7102, chair_AP_0.25: 0.8305, toilet_AP_0.25: 0.9252, desk_AP_0.25: 0.4104, dresser_AP_0.25: 0.4391, night_stand_AP_0.25: 0.7177, bookshelf_AP_0.25: 0.3475, bathtub_AP_0.25: 0.7719, mAP_0.25: 0.6614, bed_rec_0.25: 0.9981, table_rec_0.25: 0.9753, sofa_rec_0.25: 0.9825, chair_rec_0.25: 0.9756, toilet_rec_0.25: 1.0000, desk_rec_0.25: 0.9543, dresser_rec_0.25: 0.9450, night_stand_rec_0.25: 0.9686, bookshelf_rec_0.25: 0.8794, bathtub_rec_0.25: 0.9796, mAR_0.25: 0.9658, bed_AP_0.50: 0.6990, table_AP_0.50: 0.3724, sofa_AP_0.50: 0.5950, chair_AP_0.50: 0.7029, toilet_AP_0.50: 0.7486, desk_AP_0.50: 0.1631, dresser_AP_0.50: 0.3287, night_stand_AP_0.50: 0.5902, bookshelf_AP_0.50: 0.0982, bathtub_AP_0.50: 0.5828, mAP_0.50: 0.4881, bed_rec_0.50: 0.8097, table_rec_0.50: 0.7270, sofa_rec_0.50: 0.8309, chair_rec_0.50: 0.8709, toilet_rec_0.50: 0.8483, desk_rec_0.50: 0.6010, dresser_rec_0.50: 0.7339, night_stand_rec_0.50: 0.8549, bookshelf_rec_0.50: 0.4007, bathtub_rec_0.50: 0.7551, mAR_0.50: 0.7432
